2022-03-21 16:10:54,074 ************************ process start ***************************************
2022-03-21 16:11:02,053 NumExpr defaulting to 8 threads.
2022-03-21 16:21:07,057 ************************ process start ***************************************
2022-03-21 16:21:15,215 NumExpr defaulting to 8 threads.
2022-03-21 16:21:36,411 涨停数：147   跌停数：1
涨幅大于5%数：416  跌幅大于5%数：10
年线以上个股数量：    0
2022-03-21 16:25:56,496 ************************ process start ***************************************
2022-03-21 16:25:56,927 NumExpr defaulting to 8 threads.
2022-03-21 16:26:42,602 涨停数：147   跌停数：1
涨幅大于5%数：416  跌幅大于5%数：10
年线以上个股数量：    0
2022-03-21 16:32:29,733 ************************ process start ***************************************
2022-03-21 16:32:30,141 NumExpr defaulting to 8 threads.
2022-03-21 17:03:54,180 ************************ process start ***************************************
2022-03-21 17:03:54,791 NumExpr defaulting to 8 threads.
2022-03-21 17:04:14,765 涨停数：147   跌停数：1
涨幅大于5%数：416  跌幅大于5%数：10
年线以上个股数量：    0
2022-03-21 17:09:57,040 **************"海龟交易法则"**************
[]
**************"海龟交易法则"**************

2022-03-21 17:09:59,330 **************"放量上涨"**************
[]
**************"放量上涨"**************

2022-03-21 17:10:01,636 **************"突破平台"**************
[]
**************"突破平台"**************

2022-03-21 17:10:03,911 **************"均线多头"**************
[]
**************"均线多头"**************

2022-03-21 17:10:06,183 **************"无大幅回撤"**************
[]
**************"无大幅回撤"**************

2022-03-21 17:10:08,453 **************"停机坪"**************
[]
**************"停机坪"**************

2022-03-21 17:10:10,729 **************"回踩年线"**************
[]
**************"回踩年线"**************

2022-03-21 17:10:12,730 ************************ process   end ***************************************
2022-03-22 09:28:08,714 ************************ process start ***************************************
2022-03-22 09:28:08,878 NumExpr defaulting to 8 threads.
2022-03-22 09:28:20,794 涨停数：31   跌停数：1
涨幅大于5%数：62  跌幅大于5%数：11
年线以上个股数量：    0
2022-03-22 09:32:06,262 ************************ process start ***************************************
2022-03-22 09:32:06,462 NumExpr defaulting to 8 threads.
2022-03-22 09:32:19,584 涨停数：32   跌停数：0
涨幅大于5%数：70  跌幅大于5%数：16
年线以上个股数量：    0
2022-03-22 10:30:55,614 ************************ process start ***************************************
2022-03-22 10:30:55,800 NumExpr defaulting to 8 threads.
2022-03-22 10:31:16,463 涨停数：56   跌停数：2
涨幅大于5%数：115  跌幅大于5%数：97
年线以上个股数量：    0
2022-03-22 10:40:50,256 **************"海龟交易法则"**************
[]
**************"海龟交易法则"**************

2022-03-22 10:40:52,513 **************"放量上涨"**************
[]
**************"放量上涨"**************

2022-03-22 10:40:54,767 **************"突破平台"**************
[]
**************"突破平台"**************

2022-03-22 10:40:57,133 **************"均线多头"**************
[]
**************"均线多头"**************

2022-03-22 10:40:59,347 **************"无大幅回撤"**************
[]
**************"无大幅回撤"**************

2022-03-22 10:41:01,609 **************"停机坪"**************
[]
**************"停机坪"**************

2022-03-22 10:41:03,824 **************"回踩年线"**************
[]
**************"回踩年线"**************

2022-03-22 10:41:05,835 ************************ process   end ***************************************
2022-03-22 13:18:26,586 ************************ process start ***************************************
2022-03-22 13:18:28,221 NumExpr defaulting to 8 threads.
2022-03-22 13:19:38,595 ************************ process start ***************************************
2022-03-22 13:19:59,926 ************************ process start ***************************************
2022-03-22 13:20:00,043 **************"海龟交易法则"**************
[]
**************"海龟交易法则"**************

2022-03-22 13:20:02,155 **************"放量上涨"**************
[]
**************"放量上涨"**************

2022-03-22 13:20:04,267 **************"突破平台"**************
[]
**************"突破平台"**************

2022-03-22 13:20:06,366 **************"均线多头"**************
[]
**************"均线多头"**************

2022-03-22 13:20:08,468 **************"无大幅回撤"**************
[]
**************"无大幅回撤"**************

2022-03-22 13:20:10,567 **************"停机坪"**************
[]
**************"停机坪"**************

2022-03-22 13:20:12,658 **************"回踩年线"**************
[]
**************"回踩年线"**************

2022-03-22 13:20:14,661 ************************ process   end ***************************************
2022-03-22 13:21:19,046 ************************ process start ***************************************
2022-03-22 13:21:33,720 ************************ process   end ***************************************
2022-03-22 13:27:43,234 ************************ process start ***************************************
2022-03-22 13:27:43,625 NumExpr defaulting to 8 threads.
2022-03-22 13:28:01,629 涨停数：86   跌停数：7
涨幅大于5%数：197  跌幅大于5%数：111
年线以上个股数量：    0
2022-03-22 13:32:46,101 **************"海龟交易法则"**************
[('603938', '三孚股份', 941529.56534), ('603868', '飞科电器', 2201086.8), ('603815', '交建股份', 301620.540375), ('603668', '天马科技', 522060.32325), ('603665', '康隆达', 795220.548073), ('603636', '南威软件', 1188676.678936), ('603500', '祥和实业', 246285.422328), ('603477', '巨星农牧', 1245752.02152), ('603389', '亚振家居', 147666.624), ('603363', '傲农生物', 1572707.811588), ('603356', '华菱精工', 181209.06), ('603321', '梅轮电梯', 274151.0), ('603183', '建研院', 312638.338392), ('601963', '重庆银行', 656098.815073), ('601886', '江河集团', 817067.4), ('601699', '潞安环能', 5097361.2768), ('601607', '上海医药', 4840925.037744), ('601225', '陕西煤业', 14755790.0), ('601199', '江南水务', 692990.826372), ('601113', 'ST华鼎', 402103.23232), ('601086', '国芳集团', 315018.0), ('601009', '南京银行', 8923629.339065), ('601002', '晋亿实业', 517353.89202), ('601001', '晋控煤业', 2540676.6), ('600988', '赤峰黄金', 2746335.9415), ('600985', '淮北矿业', 3607426.23495), ('600975', '新五丰', 630484.614144), ('600971', '恒源煤电', 920403.746028), ('600898', 'ST美讯', 153787.00638), ('600894', '广日股份', 656999.42778), ('600873', '梅花生物', 2705095.197144), ('600866', '星湖科技', 518791.454532), ('600865', '百大集团', 452993.340464), ('600838', '上海九百', 285828.852453), ('600830', '香溢融通', 349828.51519), ('600819', '耀皮玻璃', 550845.641379), ('600790', '轻纺城', 551137.388928), ('600783', '鲁信创投', 1266899.518388), ('600758', '辽宁能源', 541504.79154), ('600757', '长江传媒', 781492.134332), ('600736', '苏州高新', 914126.568158), ('600734', '*ST实达', 683715.994527), ('600716', '凤凰股份', 480199.08267), ('600713', '南京医药', 598926.4653), ('600708', '光明地产', 623077.77588), ('600705', '中航产融', 3679235.864928), ('600684', '珠江股份', 394298.854026), ('600665', '天地源', 335279.538148), ('600657', '信达地产', 1357494.21122), ('600639', '浦东金桥', 1222640.378914), ('600622', '光大嘉宝', 554883.59874), ('600602', '云赛智联', 1090417.53485), ('600589', 'ST榕泰', 190088.98587), ('600576', '祥源文化', 458977.185069), ('600546', '山煤国际', 2662438.59602), ('600545', '卓郎智能', 638754.179315), ('600533', '栖霞建设', 403200.0), ('600420', '国药现代', 1299110.162075), ('600397', '安源煤业', 352425.717992), ('600383', '金地集团', 6519058.677968), ('600327', '大东方', 633502.134888), ('600319', '*ST亚星', 239851.44), ('600302', '标准股份', 197917.607888), ('600287', '江苏舜天', 221892.405592), ('600284', '浦东建设', 684030.48), ('600266', '城建发展', 1071855.36), ('600191', '*ST华资', 222583.788), ('600188', '兖矿能源', 10666447.15844), ('600153', '建发股份', 3320019.82063), ('600133', '东湖高新', 485288.39262), ('600127', '金健米业', 662962.064194), ('600120', '浙江东方', 1340997.605023), ('600094', '大名城', 965280.503888), ('600084', '*ST中葡', 489944.89788), ('600082', '海泰发展', 219480.052552), ('600077', '宋都股份', 967568.319372), ('600048', '保利发展', 20888145.04254), ('002915', '中欣氟材', 515157.96453), ('002865', '钧达股份', 1285193.272083), ('002864', '盘龙药业', 241383.901995), ('002809', '红墙股份', 157023.70632), ('002718', '友邦吊顶', 92367.833184), ('002713', '东易日盛', 296678.465427), ('002691', '冀凯股份', 194414.784141), ('002660', '茂硕电源', 178541.779715), ('002627', '三峡旅游', 481474.115226), ('002613', '北玻股份', 402979.70621), ('002567', '唐人神', 1227707.490849), ('002566', '益盛药业', 260613.098658), ('002548', '金新农', 435812.98173), ('002537', '海联金汇', 1422830.03004), ('002482', '广田集团', 480200.073144), ('002427', 'ST尤夫', 339572.205105), ('002364', '中恒电气', 543321.85088), ('002349', '精华制药', 1710993.335181), ('002317', '众生药业', 1264853.84847), ('002244', '滨江集团', 1885734.17253), ('002226', '江南化工', 818360.07778), ('002200', 'ST云投', 148254.479169), ('002193', '如意集团', 189174.766925), ('002124', '天邦股份', 1207174.219105), ('002103', '广博股份', 251199.941552), ('002087', '新野纺织', 305864.49075), ('002060', '粤 水 电', 828119.421909), ('002016', '世荣兆业', 419662.681152), ('000983', '山西焦煤', 5124796.56), ('000965', '天保基建', 528279.50602), ('000950', '重药控股', 1102581.836048), ('000926', '福星股份', 442698.135253), ('000893', '亚钾国际', 2327888.414672), ('000861', '海印股份', 799536.826368), ('000833', '粤桂股份', 281673.34139), ('000810', '创维数字', 1549899.604416), ('000707', '*ST双环', 469713.99618), ('000705', '浙江震元', 298890.40056), ('000691', '亚太实业', 166807.32), ('000639', '西王食品', 615273.26004), ('000619', '海螺型材', 255240.0), ('000584', '哈工智能', 509503.631729), ('000560', '我爱我家', 821233.71881), ('000552', '靖远煤电', 962527.7629), ('000548', '湖南投资', 226631.720194), ('000517', '荣安地产', 853967.952072), ('000505', '京粮控股', 589774.5958), ('000029', '深深房Ａ', 748994.4), ('000019', '深粮控股', 344184.856064), ('000014', '沙河股份', 194443.800268), ('601113', 'ST华鼎', 402103.23232), ('600898', 'ST美讯', 153787.00638), ('600734', '*ST实达', 683715.994527), ('600589', 'ST榕泰', 190088.98587), ('600319', '*ST亚星', 239851.44), ('600191', '*ST华资', 222583.788)]
**************"海龟交易法则"**************

2022-03-22 13:33:19,035 **************"放量上涨"**************
[('603183', '建研院', 312638.338392), ('600684', '珠江股份', 394298.854026), ('600622', '光大嘉宝', 554883.59874), ('600420', '国药现代', 1299110.162075), ('600405', '动力源', 359629.0412), ('600340', '华夏幸福', 1370460.981824), ('600246', '万通发展', 2160817.785704), ('600149', '廊坊发展', 246723.84), ('600113', '浙江东日', 398265.36288), ('600077', '宋都股份', 967568.319372), ('002997', '瑞鹄模具', 225580.95), ('002990', '盛视科技', 190180.56), ('002566', '益盛药业', 260613.098658), ('002482', '广田集团', 480200.073144), ('002454', '松芝股份', 425289.97104), ('002440', '闰土股份', 849455.722382), ('002305', '南国置业', 429793.238), ('002166', '莱茵生物', 455402.48985), ('002146', '荣盛发展', 1576757.738115), ('002124', '天邦股份', 1207174.219105), ('000965', '天保基建', 528279.50602), ('000961', '中南建设', 1577862.278388), ('000918', '嘉凯城', 553886.7905), ('000736', '中交地产', 554260.650133), ('000705', '浙江震元', 298890.40056), ('000560', '我爱我家', 821233.71881), ('000517', '荣安地产', 853967.952072)]
**************"放量上涨"**************

2022-03-22 13:33:21,213 股票('605499', '东鹏饮料', 574263.53) 突破日期：2022-02-16
2022-03-22 13:33:22,010 股票('605169', '洪通燃气', 78208.0) 突破日期：2022-02-22
2022-03-22 13:33:22,469 股票('605066', '天正电气', 212283.195) 突破日期：2022-01-11
2022-03-22 13:33:22,583 股票('605028', '世茂能源', 84480.0) 突破日期：2022-03-09
2022-03-22 13:33:22,665 股票('605009', '豪悦护理', 248246.923068) 突破日期：2022-03-07
2022-03-22 13:33:22,852 股票('603993', '洛阳钼业', 9292196.378658) 突破日期：2022-02-10
2022-03-22 13:33:22,956 股票('603987', '康德莱', 903519.732) 突破日期：2021-12-29
2022-03-22 13:33:23,342 股票('603939', '益丰药房', 2993139.48273) 突破日期：2021-12-27
2022-03-22 13:33:23,480 股票('603927', '中科软', 1204676.497024) 突破日期：2021-12-22
2022-03-22 13:33:23,901 股票('603883', '老百姓', 1487267.487405) 突破日期：2021-12-27
2022-03-22 13:33:24,461 股票('603815', '交建股份', 301620.540375) 突破日期：2022-01-10
2022-03-22 13:33:25,243 股票('603708', '家家悦', 802481.614113) 突破日期：2021-12-24
2022-03-22 13:33:26,005 股票('603628', '清源股份', 389343.6) 突破日期：2022-03-09
2022-03-22 13:33:26,022 股票('603626', '科森科技', 502685.8109) 突破日期：2021-12-22
2022-03-22 13:33:26,039 股票('603619', '中曼石油', 626800.1567) 突破日期：2021-12-24
2022-03-22 13:33:26,630 股票('603565', '中谷物流', 744700.563078) 突破日期：2022-01-05
2022-03-22 13:33:26,952 股票('603511', '爱慕股份', 73778.44) 突破日期：2021-12-24
2022-03-22 13:33:27,197 股票('603444', '吉比特', 2524824.332016) 突破日期：2021-12-22
2022-03-22 13:33:27,334 股票('603393', '新天然气', 821087.341046) 突破日期：2022-02-22
2022-03-22 13:33:27,843 股票('603336', '宏辉果蔬', 318481.619742) 突破日期：2022-01-04
2022-03-22 13:33:28,682 股票('603233', '大参林', 2511575.164735) 突破日期：2021-12-27
2022-03-22 13:33:29,885 股票('603109', '神驰机电', 116628.33) 突破日期：2022-01-25
2022-03-22 13:33:30,036 股票('603098', '森特股份', 2564149.095302) 突破日期：2022-02-18
2022-03-22 13:33:30,741 股票('603033', '三维股份', 1514918.635535) 突破日期：2022-02-22
2022-03-22 13:33:30,937 股票('603020', '爱普股份', 362880.0) 突破日期：2022-01-24
2022-03-22 13:33:30,955 股票('603019', '中科曙光', 4632177.613982) 突破日期：2022-01-04
2022-03-22 13:33:31,442 股票('601969', '海南矿业', 1902421.326989) 突破日期：2022-03-03
2022-03-22 13:33:31,933 股票('601872', '招商轮船', 2979771.356123) 突破日期：2022-02-08
2022-03-22 13:33:32,026 股票('601860', '紫金银行', 1056384.759872) 突破日期：2021-12-21
2022-03-22 13:33:32,059 股票('601857', '中国石油', 86304467.476994) 突破日期：2022-01-07
2022-03-22 13:33:32,290 股票('601778', '晶科科技', 1287815.473262) 突破日期：2021-12-23
2022-03-22 13:33:32,335 股票('601728', '中国电信', 2183580.33309) 突破日期：2022-02-09
2022-03-22 13:33:32,392 股票('601717', '郑煤机', 1942147.311) 突破日期：2021-12-31
2022-03-22 13:33:32,454 股票('601698', '中国卫通', 486311.594764) 突破日期：2021-12-29
2022-03-22 13:33:32,478 股票('601696', '中银证券', 1967032.103195) 突破日期：2022-03-16
2022-03-22 13:33:32,611 股票('601666', '平煤股份', 3255532.172145) 突破日期：2022-01-10
2022-03-22 13:33:32,696 股票('601628', '中国人寿', 53849648.58) 突破日期：2022-02-11
2022-03-22 13:33:32,908 股票('601598', '中国外运', 525786.882859) 突破日期：2021-12-29
2022-03-22 13:33:32,957 股票('601579', '会稽山', 475973.52) 突破日期：2021-12-23
2022-03-22 13:33:33,297 股票('601360', '三六零', 7188235.376182) 突破日期：2021-12-22
2022-03-22 13:33:33,332 股票('601336', '新华保险', 7201022.04102) 突破日期：2022-01-20
2022-03-22 13:33:33,367 股票('601330', '绿色动力', 784161.182) 突破日期：2021-12-31
2022-03-22 13:33:33,509 股票('601258', '庞大集团', 1503402.08529) 突破日期：2021-12-21
2022-03-22 13:33:33,541 股票('601236', '红塔证券', 2379221.29245) 突破日期：2021-12-28
2022-03-22 13:33:33,643 股票('601225', '陕西煤业', 14755790.0) 突破日期：2022-01-13
2022-03-22 13:33:33,816 股票('601187', '厦门银行', 610866.8255) 突破日期：2022-02-08
2022-03-22 13:33:33,944 股票('601162', '天风证券', 3102341.172112) 突破日期：2021-12-21
2022-03-22 13:33:34,010 股票('601139', '深圳燃气', 2079876.147162) 突破日期：2022-02-24
2022-03-22 13:33:34,102 股票('601118', '海南橡胶', 2088360.764936) 突破日期：2022-03-02
2022-03-22 13:33:34,244 股票('601100', '恒立液压', 7128570.96) 突破日期：2022-01-07
2022-03-22 13:33:34,262 股票('601099', '太平洋', 2017629.64552) 突破日期：2021-12-21
2022-03-22 13:33:34,366 股票('601069', '西部黄金', 922836.0) 突破日期：2022-01-25
2022-03-22 13:33:34,466 股票('601021', '春秋航空', 4547487.981906) 突破日期：2022-01-19
2022-03-22 13:33:34,532 股票('601016', '节能风电', 2137252.574628) 突破日期：2021-12-23
2022-03-22 13:33:34,583 股票('601011', '宝泰隆', 765493.128369) 突破日期：2021-12-29
2022-03-22 13:33:34,688 股票('601005', '重庆钢铁', 1600670.737797) 突破日期：2022-02-08
2022-03-22 13:33:34,744 股票('601001', '晋控煤业', 2540676.6) 突破日期：2022-01-13
2022-03-22 13:33:34,819 股票('600997', '开滦股份', 1255949.682141) 突破日期：2022-02-18
2022-03-22 13:33:34,936 股票('600988', '赤峰黄金', 2746335.9415) 突破日期：2022-02-24
2022-03-22 13:33:35,212 股票('600968', '海油发展', 494252.612735) 突破日期：2022-02-08
2022-03-22 13:33:35,246 股票('600966', '博汇纸业', 1257970.475008) 突破日期：2022-03-03
2022-03-22 13:33:35,680 股票('600903', '贵州燃气', 916238.946735) 突破日期：2022-02-24
2022-03-22 13:33:35,976 股票('600881', '亚泰集团', 990918.64434) 突破日期：2022-01-14
2022-03-22 13:33:36,119 股票('600871', '石化油服', 2781722.602955) 突破日期：2022-02-07
2022-03-22 13:33:36,259 股票('600862', '中航高科', 3126002.196108) 突破日期：2021-12-30
2022-03-22 13:33:36,313 股票('600859', '王府井', 2101599.24515) 突破日期：2022-02-10
2022-03-22 13:33:36,436 股票('600850', '电科数字', 1198601.056224) 突破日期：2022-01-17
2022-03-22 13:33:36,616 股票('600837', '海通证券', 9299303.47664) 突破日期：2022-01-20
2022-03-22 13:33:36,828 股票('600823', '世茂股份', 1286650.713523) 突破日期：2021-12-21
2022-03-22 13:33:37,003 股票('600811', '东方集团', 1225810.12092) 突破日期：2021-12-21
2022-03-22 13:33:37,052 股票('600808', '马钢股份', 2410971.479144) 突破日期：2022-01-07
2022-03-22 13:33:37,102 股票('600804', '鹏博士', 1073717.698389) 突破日期：2022-01-04
2022-03-22 13:33:37,413 股票('600782', '新钢股份', 1766552.373584) 突破日期：2022-01-07
2022-03-22 13:33:37,832 股票('600755', '厦门国贸', 1500513.605643) 突破日期：2021-12-21
2022-03-22 13:33:37,885 股票('600751', '海航科技', 820847.307588) 突破日期：2021-12-21
2022-03-22 13:33:37,954 股票('600746', '江苏索普', 562431.568062) 突破日期：2022-01-10
2022-03-22 13:33:38,043 股票('600740', '山西焦化', 1537272.6924) 突破日期：2022-01-21
2022-03-22 13:33:38,182 股票('600731', '湖南海利', 321337.740629) 突破日期：2021-12-27
2022-03-22 13:33:38,492 股票('600711', '盛屯矿业', 2442341.08391) 突破日期：2022-01-12
2022-03-22 13:33:38,574 股票('600705', '中航产融', 3679235.864928) 突破日期：2022-03-01
2022-03-22 13:33:38,807 股票('600688', '上海石化', 2660359.3005) 突破日期：2022-01-18
2022-03-22 13:33:38,991 股票('600674', '川投能源', 4842364.82856) 突破日期：2022-02-09
2022-03-22 13:33:39,061 股票('600667', '太极实业', 1558580.73172) 突破日期：2022-02-15
2022-03-22 13:33:39,129 股票('600663', '陆家嘴', 3176938.73952) 突破日期：2021-12-21
2022-03-22 13:33:39,178 股票('600660', '福耀玻璃', 7120616.41026) 突破日期：2022-01-14
2022-03-22 13:33:39,239 股票('600655', '豫园股份', 3965445.374094) 突破日期：2022-02-08
2022-03-22 13:33:39,280 股票('600653', '申华控股', 387329.683083) 突破日期：2021-12-21
2022-03-22 13:33:39,346 股票('600649', '城投控股', 1095306.249522) 突破日期：2021-12-21
2022-03-22 13:33:39,727 股票('600621', '华鑫股份', 1344159.402964) 突破日期：2022-03-16
2022-03-22 13:33:39,787 股票('600618', '氯碱化工', 884061.331704) 突破日期：2022-02-23
2022-03-22 13:33:39,805 股票('600617', '国新能源', 400689.795384) 突破日期：2021-12-22
2022-03-22 13:33:39,954 股票('600606', '绿地控股', 5532251.391032) 突破日期：2021-12-21
2022-03-22 13:33:40,086 股票('600598', '北大荒', 2675408.263045) 突破日期：2022-01-04
2022-03-22 13:33:40,340 股票('600582', '天地科技', 1891335.123644) 突破日期：2021-12-31
2022-03-22 13:33:40,874 股票('600546', '山煤国际', 2662438.59602) 突破日期：2022-01-17
2022-03-22 13:33:40,994 股票('600537', '亿晶光电', 515245.359384) 突破日期：2022-03-10
2022-03-22 13:33:41,014 股票('600536', '中国软件', 1989131.509204) 突破日期：2022-01-17
2022-03-22 13:33:41,421 股票('600509', '天富能源', 614855.619078) 突破日期：2022-01-04
2022-03-22 13:33:41,607 股票('600498', '烽火通信', 1697317.0575) 突破日期：2022-02-21
2022-03-22 13:33:41,730 股票('600489', '中金黄金', 3455227.67832) 突破日期：2022-02-17
2022-03-22 13:33:41,940 股票('600470', '六国化工', 345820.8) 突破日期：2022-01-12
2022-03-22 13:33:42,057 股票('600461', '洪城环境', 673608.973398) 突破日期：2022-01-04
2022-03-22 13:33:42,077 股票('600460', '士兰微', 7495808.000782) 突破日期：2022-02-23
2022-03-22 13:33:42,295 股票('600435', '北方导航', 1361238.48) 突破日期：2022-02-24
2022-03-22 13:33:42,554 股票('600409', '三友化工', 1703088.2946) 突破日期：2022-02-28
2022-03-22 13:33:42,781 股票('600390', '五矿资本', 2307507.580467) 突破日期：2022-02-08
2022-03-22 13:33:43,380 股票('600348', '华阳股份', 2809040.0) 突破日期：2021-12-23
2022-03-22 13:33:43,551 股票('600333', '长春燃气', 306951.464736) 突破日期：2022-02-24
2022-03-22 13:33:43,585 股票('600331', '宏达股份', 644144.0) 突破日期：2022-02-18
2022-03-22 13:33:43,635 股票('600328', '中盐化工', 872434.51558) 突破日期：2022-02-10
2022-03-22 13:33:43,699 股票('600323', '瀚蓝环境', 1449687.225588) 突破日期：2022-01-05
2022-03-22 13:33:43,918 股票('600308', '华泰股份', 657337.078897) 突破日期：2022-01-04
2022-03-22 13:33:43,939 股票('600307', '酒钢宏兴', 1340358.488736) 突破日期：2022-01-07
2022-03-22 13:33:43,970 股票('600305', '恒顺醋业', 1085198.426624) 突破日期：2021-12-27
2022-03-22 13:33:44,049 股票('600299', '安迪苏', 2681901.273) 突破日期：2022-03-03
2022-03-22 13:33:44,643 股票('600256', '广汇能源', 5252604.1112) 突破日期：2022-01-04
2022-03-22 13:33:44,758 股票('600246', '万通发展', 2160817.785704) 突破日期：2022-03-22
2022-03-22 13:33:44,777 股票('600243', '青海华鼎', 188266.65) 突破日期：2022-02-24
2022-03-22 13:33:44,981 股票('600230', '沧州大化', 670513.781256) 突破日期：2022-01-06
2022-03-22 13:33:45,097 股票('600222', '太龙药业', 395407.648987) 突破日期：2021-12-27
2022-03-22 13:33:45,197 股票('600216', '浙江医药', 1461401.743125) 突破日期：2022-01-14
2022-03-22 13:33:45,258 股票('600211', '西藏药业', 1005140.015522) 突破日期：2021-12-24
2022-03-22 13:33:45,276 股票('600210', '紫江企业', 944926.626434) 突破日期：2021-12-23
2022-03-22 13:33:45,389 股票('600201', '生物股份', 1317554.209776) 突破日期：2021-12-24
2022-03-22 13:33:45,469 股票('600196', '复星医药', 11016028.17051) 突破日期：2022-03-14
2022-03-22 13:33:45,563 股票('600189', '泉阳泉', 466078.40505) 突破日期：2022-01-06
2022-03-22 13:33:45,795 股票('600172', '黄河旋风', 1103024.279686) 突破日期：2021-12-24
2022-03-22 13:33:45,889 股票('600166', '福田汽车', 1722700.316314) 突破日期：2022-01-06
2022-03-22 13:33:45,966 股票('600160', '巨化股份', 3660855.685836) 突破日期：2022-01-26
2022-03-22 13:33:46,058 股票('600155', '华创阳安', 1668234.825432) 突破日期：2022-03-18
2022-03-22 13:33:46,202 股票('600143', '金发科技', 2586490.454715) 突破日期：2022-01-17
2022-03-22 13:33:46,432 股票('600127', '金健米业', 662962.064194) 突破日期：2022-02-24
2022-03-22 13:33:46,518 股票('600121', '郑州煤电', 550722.241176) 突破日期：2022-01-04
2022-03-22 13:33:46,966 股票('600094', '大名城', 965280.503888) 突破日期：2021-12-21
2022-03-22 13:33:47,029 股票('600089', '特变电工', 7649083.033491) 突破日期：2022-03-10
2022-03-22 13:33:47,661 股票('600036', '招商银行', 94439307.595962) 突破日期：2022-01-20
2022-03-22 13:33:47,725 股票('600031', '三一重工', 15099821.167074) 突破日期：2022-01-06
2022-03-22 13:33:47,758 股票('600029', '南方航空', 6847310.17109) 突破日期：2021-12-27
2022-03-22 13:33:47,838 股票('600025', '华能水电', 10422000.0) 突破日期：2022-03-09
2022-03-22 13:33:47,878 股票('600022', '山东钢铁', 1882806.533952) 突破日期：2022-02-08
2022-03-22 13:33:48,131 股票('600004', '白云机场', 2694255.309228) 突破日期：2021-12-27
2022-03-22 13:33:48,563 股票('003016', '欣贺股份', 135257.4763) 突破日期：2022-03-07
2022-03-22 13:33:49,142 股票('002977', '天箭科技', 196382.8125) 突破日期：2022-01-04
2022-03-22 13:33:50,031 股票('002913', '奥士康', 820377.7632) 突破日期：2021-12-24
2022-03-22 13:33:50,728 股票('002867', '周大生', 1485807.708736) 突破日期：2022-02-07
2022-03-22 13:33:51,267 股票('002831', '裕同科技', 1330359.989373) 突破日期：2021-12-22
2022-03-22 13:33:51,386 股票('002824', '和胜股份', 472717.762704) 突破日期：2021-12-23
2022-03-22 13:33:52,155 股票('002773', '康弘药业', 1083367.332992) 突破日期：2021-12-27
2022-03-22 13:33:52,293 股票('002765', '蓝黛科技', 327722.647005) 突破日期：2022-01-17
2022-03-22 13:33:52,554 股票('002747', '埃斯顿', 1521520.333806) 突破日期：2022-01-13
2022-03-22 13:33:52,635 股票('002741', '光华科技', 607245.960508) 突破日期：2022-03-04
2022-03-22 13:33:53,065 股票('002714', '牧原股份', 20432243.890908) 突破日期：2022-01-04
2022-03-22 13:33:53,219 股票('002701', '奥瑞金', 1331710.155986) 突破日期：2021-12-31
2022-03-22 13:33:53,282 股票('002697', '红旗连锁', 521587.6336) 突破日期：2021-12-24
2022-03-22 13:33:53,576 股票('002679', '福建金森', 283378.712) 突破日期：2022-02-25
2022-03-22 13:33:53,719 股票('002670', '国盛金控', 1538936.306232) 突破日期：2022-03-16
2022-03-22 13:33:54,296 股票('002636', '金安国纪', 799033.48031) 突破日期：2021-12-27
2022-03-22 13:33:54,440 股票('002627', '三峡旅游', 481474.115226) 突破日期：2022-01-06
2022-03-22 13:33:54,465 股票('002626', '金达威', 1981083.653378) 突破日期：2022-03-03
2022-03-22 13:33:54,653 股票('002614', '奥佳华', 438222.405282) 突破日期：2021-12-28
2022-03-22 13:33:54,906 股票('002596', '海南瑞泽', 365530.090068) 突破日期：2021-12-21
2022-03-22 13:33:55,163 股票('002580', '圣阳股份', 248438.97792) 突破日期：2022-03-02
2022-03-22 13:33:55,824 股票('002539', '云图控股', 835063.118847) 突破日期：2022-01-11
2022-03-22 13:33:55,953 股票('002531', '天顺风能', 2524372.294051) 突破日期：2022-01-28
2022-03-22 13:33:56,020 股票('002527', '新时达', 360544.73856) 突破日期：2021-12-28
2022-03-22 13:33:56,268 股票('002511', '中顺洁柔', 1613384.598606) 突破日期：2022-01-07
2022-03-22 13:33:56,760 股票('002481', '双塔食品', 893889.9228) 突破日期：2022-01-05
2022-03-22 13:33:57,158 股票('002458', '益生股份', 585806.378078) 突破日期：2021-12-31
2022-03-22 13:33:57,343 股票('002446', '盛路通信', 498423.163696) 突破日期：2022-01-24
2022-03-22 13:33:57,870 股票('002414', '高德红外', 3375629.442864) 突破日期：2022-01-18
2022-03-22 13:33:57,927 股票('002411', '延安必康', 1533816.042759) 突破日期：2021-12-29
2022-03-22 13:33:58,050 股票('002407', '多氟多', 2969961.9348) 突破日期：2022-03-11
2022-03-22 13:33:58,445 股票('002390', '信邦制药', 878009.77768) 突破日期：2021-12-22
2022-03-22 13:33:58,680 股票('002378', '章源钨业', 715525.46208) 突破日期：2022-02-11
2022-03-22 13:33:58,880 股票('002368', '太极股份', 1265440.984951) 突破日期：2022-01-17
2022-03-22 13:33:59,037 股票('002360', '同德化工', 251105.788128) 突破日期：2021-12-21
2022-03-22 13:33:59,266 股票('002346', '柘中股份', 563141.015589) 突破日期：2021-12-30
2022-03-22 13:34:00,316 股票('002287', '奇正藏药', 1337747.228016) 突破日期：2021-12-24
2022-03-22 13:34:00,334 股票('002286', '保龄宝', 437937.52705) 突破日期：2022-01-06
2022-03-22 13:34:00,391 股票('002283', '天润工业', 792276.969496) 突破日期：2022-02-23
2022-03-22 13:34:00,433 股票('002281', '光迅科技', 1222012.382556) 突破日期：2022-01-17
2022-03-22 13:34:00,688 股票('002267', '陕天然气', 692823.002235) 突破日期：2022-02-24
2022-03-22 13:34:00,763 股票('002262', '恩华药业', 1093646.241) 突破日期：2021-12-22
2022-03-22 13:34:00,782 股票('002261', '拓维信息', 677086.715456) 突破日期：2021-12-27
2022-03-22 13:34:00,881 股票('002254', '泰和新材', 703195.116768) 突破日期：2022-01-13
2022-03-22 13:34:00,947 股票('002250', '联化科技', 1239909.938105) 突破日期：2022-01-17
2022-03-22 13:34:01,081 股票('002242', '九阳股份', 1287048.4045) 突破日期：2021-12-28
2022-03-22 13:34:01,165 股票('002237', '恒邦股份', 971393.198875) 突破日期：2022-02-17
2022-03-22 13:34:01,554 股票('002212', '天融信', 1361675.711946) 突破日期：2021-12-30
2022-03-22 13:34:02,401 股票('002157', '正邦科技', 1520627.28318) 突破日期：2022-01-04
2022-03-22 13:34:02,448 股票('002154', '报 喜 鸟', 437870.770677) 突破日期：2021-12-28
2022-03-22 13:34:02,501 股票('002151', '北斗星通', 1419337.071034) 突破日期：2022-02-24
2022-03-22 13:34:02,583 股票('002146', '荣盛发展', 1576757.738115) 突破日期：2021-12-21
2022-03-22 13:34:03,345 股票('002099', '海翔药业', 1087654.959716) 突破日期：2021-12-22
2022-03-22 13:34:03,481 股票('002091', '江苏国泰', 1617414.662018) 突破日期：2021-12-22
2022-03-22 13:34:03,528 股票('002088', '鲁阳节能', 723821.200752) 突破日期：2021-12-27
2022-03-22 13:34:03,738 股票('002075', '沙钢股份', 1240205.735864) 突破日期：2022-01-06
2022-03-22 13:34:04,114 股票('002050', '三花智控', 5998301.338414) 突破日期：2021-12-28
2022-03-22 13:34:04,212 股票('002044', '美年健康', 2260844.192761) 突破日期：2021-12-30
2022-03-22 13:34:04,582 股票('002024', '苏宁易购', 2689863.372562) 突破日期：2022-01-04
2022-03-22 13:34:04,671 股票('002019', '亿帆医药', 1331267.427111) 突破日期：2021-12-23
2022-03-22 13:34:04,871 股票('002007', '华兰生物', 3576823.00885) 突破日期：2022-01-14
2022-03-22 13:34:05,381 股票('001203', '大中矿业', 288781.86) 突破日期：2022-02-08
2022-03-22 13:34:05,608 股票('000983', '山西焦煤', 5124796.56) 突破日期：2022-01-13
2022-03-22 13:34:05,703 股票('000976', '华铁股份', 784553.026224) 突破日期：2021-12-24
2022-03-22 13:34:05,726 股票('000975', '银泰黄金', 2193811.46432) 突破日期：2022-02-15
2022-03-22 13:34:05,824 股票('000968', '蓝焰控股', 772067.12268) 突破日期：2022-02-24
2022-03-22 13:34:05,966 股票('000959', '首钢股份', 2692610.947836) 突破日期：2022-03-01
2022-03-22 13:34:06,155 股票('000937', '冀中能源', 1979394.492402) 突破日期：2022-02-10
2022-03-22 13:34:06,205 股票('000933', '神火股份', 3124044.4326) 突破日期：2022-01-07
2022-03-22 13:34:06,256 股票('000930', '中粮科技', 947557.752924) 突破日期：2022-01-04
2022-03-22 13:34:06,474 股票('000915', '华特达因', 807778.308) 突破日期：2021-12-27
2022-03-22 13:34:06,727 股票('000898', '鞍钢股份', 2843114.760436) 突破日期：2022-01-07
2022-03-22 13:34:06,998 股票('000878', '云南铜业', 1932441.466092) 突破日期：2022-03-03
2022-03-22 13:34:07,082 股票('000869', '张 裕Ａ', 1311862.0944) 突破日期：2022-01-04
2022-03-22 13:34:07,381 股票('000833', '粤桂股份', 281673.34139) 突破日期：2022-01-04
2022-03-22 13:34:07,416 股票('000830', '鲁西化工', 2439156.018838) 突破日期：2022-02-08
2022-03-22 13:34:07,486 股票('000825', '太钢不锈', 3862007.372748) 突破日期：2022-01-07
2022-03-22 13:34:07,713 股票('000807', '云铝股份', 3979149.155996) 突破日期：2022-01-10
2022-03-22 13:34:07,861 股票('000796', '凯撒旅业', 845120.565549) 突破日期：2022-01-04
2022-03-22 13:34:08,366 股票('000738', '航发控制', 2664745.612074) 突破日期：2021-12-30
2022-03-22 13:34:08,552 股票('000725', '京东方Ａ', 15718430.885699) 突破日期：2021-12-30
2022-03-22 13:34:08,820 股票('000708', '中信特钢', 2321883.938756) 突破日期：2021-12-31
2022-03-22 13:34:09,570 股票('000651', '格力电器', 19155613.952813) 突破日期：2021-12-27
2022-03-22 13:34:09,659 股票('000636', '风华高科', 1855818.239103) 突破日期：2021-12-27
2022-03-22 13:34:09,699 股票('000633', '合金投资', 246851.742843) 突破日期：2022-02-24
2022-03-22 13:34:09,777 股票('000629', '攀钢钒钛', 3384235.940868) 突破日期：2021-12-31
2022-03-22 13:34:10,694 股票('000558', '莱茵体育', 443215.078888) 突破日期：2021-12-28
2022-03-22 13:34:10,962 股票('000540', '中天金融', 1687421.897436) 突破日期：2021-12-21
2022-03-22 13:34:11,075 股票('000532', '华金资本', 378248.270346) 突破日期：2022-02-23
2022-03-22 13:34:11,411 股票('000507', '珠海港', 465088.148) 突破日期：2022-03-03
2022-03-22 13:34:11,561 股票('000488', '晨鸣纸业', 1110411.036721) 突破日期：2022-03-03
2022-03-22 13:34:11,634 股票('000426', '兴业矿业', 1193551.873778) 突破日期：2022-01-13
2022-03-22 13:34:11,932 股票('000402', '金 融 街', 1694096.058312) 突破日期：2021-12-21
2022-03-22 13:34:11,953 股票('000401', '冀东水泥', 1638095.222684) 突破日期：2022-02-07
2022-03-22 13:34:12,069 股票('000158', '常山北明', 1015614.351192) 突破日期：2022-01-17
2022-03-22 13:34:12,086 股票('000157', '中联重科', 4741359.261793) 突破日期：2022-01-06
2022-03-22 13:34:12,314 股票('000069', '华侨城Ａ', 4607349.404985) 突破日期：2021-12-21
2022-03-22 13:34:13,129 股票('000002', '万 科Ａ', 17122328.85293) 突破日期：2022-01-04
2022-03-22 13:34:14,739 **************"突破平台"**************
[('605499', '东鹏饮料', 574263.53), ('605169', '洪通燃气', 78208.0), ('605066', '天正电气', 212283.195), ('605028', '世茂能源', 84480.0), ('605009', '豪悦护理', 248246.923068), ('603993', '洛阳钼业', 9292196.378658), ('603987', '康德莱', 903519.732), ('603939', '益丰药房', 2993139.48273), ('603927', '中科软', 1204676.497024), ('603883', '老百姓', 1487267.487405), ('603815', '交建股份', 301620.540375), ('603708', '家家悦', 802481.614113), ('603628', '清源股份', 389343.6), ('603626', '科森科技', 502685.8109), ('603619', '中曼石油', 626800.1567), ('603565', '中谷物流', 744700.563078), ('603511', '爱慕股份', 73778.44), ('603444', '吉比特', 2524824.332016), ('603393', '新天然气', 821087.341046), ('603336', '宏辉果蔬', 318481.619742), ('603233', '大参林', 2511575.164735), ('603109', '神驰机电', 116628.33), ('603098', '森特股份', 2564149.095302), ('603033', '三维股份', 1514918.635535), ('603020', '爱普股份', 362880.0), ('603019', '中科曙光', 4632177.613982), ('601969', '海南矿业', 1902421.326989), ('601872', '招商轮船', 2979771.356123), ('601860', '紫金银行', 1056384.759872), ('601857', '中国石油', 86304467.476994), ('601778', '晶科科技', 1287815.473262), ('601728', '中国电信', 2183580.33309), ('601717', '郑煤机', 1942147.311), ('601698', '中国卫通', 486311.594764), ('601696', '中银证券', 1967032.103195), ('601666', '平煤股份', 3255532.172145), ('601628', '中国人寿', 53849648.58), ('601598', '中国外运', 525786.882859), ('601579', '会稽山', 475973.52), ('601360', '三六零', 7188235.376182), ('601336', '新华保险', 7201022.04102), ('601330', '绿色动力', 784161.182), ('601258', '庞大集团', 1503402.08529), ('601236', '红塔证券', 2379221.29245), ('601225', '陕西煤业', 14755790.0), ('601187', '厦门银行', 610866.8255), ('601162', '天风证券', 3102341.172112), ('601139', '深圳燃气', 2079876.147162), ('601118', '海南橡胶', 2088360.764936), ('601100', '恒立液压', 7128570.96), ('601099', '太平洋', 2017629.64552), ('601069', '西部黄金', 922836.0), ('601021', '春秋航空', 4547487.981906), ('601016', '节能风电', 2137252.574628), ('601011', '宝泰隆', 765493.128369), ('601005', '重庆钢铁', 1600670.737797), ('601001', '晋控煤业', 2540676.6), ('600997', '开滦股份', 1255949.682141), ('600988', '赤峰黄金', 2746335.9415), ('600968', '海油发展', 494252.612735), ('600966', '博汇纸业', 1257970.475008), ('600903', '贵州燃气', 916238.946735), ('600881', '亚泰集团', 990918.64434), ('600871', '石化油服', 2781722.602955), ('600862', '中航高科', 3126002.196108), ('600859', '王府井', 2101599.24515), ('600850', '电科数字', 1198601.056224), ('600837', '海通证券', 9299303.47664), ('600823', '世茂股份', 1286650.713523), ('600811', '东方集团', 1225810.12092), ('600808', '马钢股份', 2410971.479144), ('600804', '鹏博士', 1073717.698389), ('600782', '新钢股份', 1766552.373584), ('600755', '厦门国贸', 1500513.605643), ('600751', '海航科技', 820847.307588), ('600746', '江苏索普', 562431.568062), ('600740', '山西焦化', 1537272.6924), ('600731', '湖南海利', 321337.740629), ('600711', '盛屯矿业', 2442341.08391), ('600705', '中航产融', 3679235.864928), ('600688', '上海石化', 2660359.3005), ('600674', '川投能源', 4842364.82856), ('600667', '太极实业', 1558580.73172), ('600663', '陆家嘴', 3176938.73952), ('600660', '福耀玻璃', 7120616.41026), ('600655', '豫园股份', 3965445.374094), ('600653', '申华控股', 387329.683083), ('600649', '城投控股', 1095306.249522), ('600621', '华鑫股份', 1344159.402964), ('600618', '氯碱化工', 884061.331704), ('600617', '国新能源', 400689.795384), ('600606', '绿地控股', 5532251.391032), ('600598', '北大荒', 2675408.263045), ('600582', '天地科技', 1891335.123644), ('600546', '山煤国际', 2662438.59602), ('600537', '亿晶光电', 515245.359384), ('600536', '中国软件', 1989131.509204), ('600509', '天富能源', 614855.619078), ('600498', '烽火通信', 1697317.0575), ('600489', '中金黄金', 3455227.67832), ('600470', '六国化工', 345820.8), ('600461', '洪城环境', 673608.973398), ('600460', '士兰微', 7495808.000782), ('600435', '北方导航', 1361238.48), ('600409', '三友化工', 1703088.2946), ('600390', '五矿资本', 2307507.580467), ('600348', '华阳股份', 2809040.0), ('600333', '长春燃气', 306951.464736), ('600331', '宏达股份', 644144.0), ('600328', '中盐化工', 872434.51558), ('600323', '瀚蓝环境', 1449687.225588), ('600308', '华泰股份', 657337.078897), ('600307', '酒钢宏兴', 1340358.488736), ('600305', '恒顺醋业', 1085198.426624), ('600299', '安迪苏', 2681901.273), ('600256', '广汇能源', 5252604.1112), ('600246', '万通发展', 2160817.785704), ('600243', '青海华鼎', 188266.65), ('600230', '沧州大化', 670513.781256), ('600222', '太龙药业', 395407.648987), ('600216', '浙江医药', 1461401.743125), ('600211', '西藏药业', 1005140.015522), ('600210', '紫江企业', 944926.626434), ('600201', '生物股份', 1317554.209776), ('600196', '复星医药', 11016028.17051), ('600189', '泉阳泉', 466078.40505), ('600172', '黄河旋风', 1103024.279686), ('600166', '福田汽车', 1722700.316314), ('600160', '巨化股份', 3660855.685836), ('600155', '华创阳安', 1668234.825432), ('600143', '金发科技', 2586490.454715), ('600127', '金健米业', 662962.064194), ('600121', '郑州煤电', 550722.241176), ('600094', '大名城', 965280.503888), ('600089', '特变电工', 7649083.033491), ('600036', '招商银行', 94439307.595962), ('600031', '三一重工', 15099821.167074), ('600029', '南方航空', 6847310.17109), ('600025', '华能水电', 10422000.0), ('600022', '山东钢铁', 1882806.533952), ('600004', '白云机场', 2694255.309228), ('003016', '欣贺股份', 135257.4763), ('002977', '天箭科技', 196382.8125), ('002913', '奥士康', 820377.7632), ('002867', '周大生', 1485807.708736), ('002831', '裕同科技', 1330359.989373), ('002824', '和胜股份', 472717.762704), ('002773', '康弘药业', 1083367.332992), ('002765', '蓝黛科技', 327722.647005), ('002747', '埃斯顿', 1521520.333806), ('002741', '光华科技', 607245.960508), ('002714', '牧原股份', 20432243.890908), ('002701', '奥瑞金', 1331710.155986), ('002697', '红旗连锁', 521587.6336), ('002679', '福建金森', 283378.712), ('002670', '国盛金控', 1538936.306232), ('002636', '金安国纪', 799033.48031), ('002627', '三峡旅游', 481474.115226), ('002626', '金达威', 1981083.653378), ('002614', '奥佳华', 438222.405282), ('002596', '海南瑞泽', 365530.090068), ('002580', '圣阳股份', 248438.97792), ('002539', '云图控股', 835063.118847), ('002531', '天顺风能', 2524372.294051), ('002527', '新时达', 360544.73856), ('002511', '中顺洁柔', 1613384.598606), ('002481', '双塔食品', 893889.9228), ('002458', '益生股份', 585806.378078), ('002446', '盛路通信', 498423.163696), ('002414', '高德红外', 3375629.442864), ('002411', '延安必康', 1533816.042759), ('002407', '多氟多', 2969961.9348), ('002390', '信邦制药', 878009.77768), ('002378', '章源钨业', 715525.46208), ('002368', '太极股份', 1265440.984951), ('002360', '同德化工', 251105.788128), ('002346', '柘中股份', 563141.015589), ('002287', '奇正藏药', 1337747.228016), ('002286', '保龄宝', 437937.52705), ('002283', '天润工业', 792276.969496), ('002281', '光迅科技', 1222012.382556), ('002267', '陕天然气', 692823.002235), ('002262', '恩华药业', 1093646.241), ('002261', '拓维信息', 677086.715456), ('002254', '泰和新材', 703195.116768), ('002250', '联化科技', 1239909.938105), ('002242', '九阳股份', 1287048.4045), ('002237', '恒邦股份', 971393.198875), ('002212', '天融信', 1361675.711946), ('002157', '正邦科技', 1520627.28318), ('002154', '报 喜 鸟', 437870.770677), ('002151', '北斗星通', 1419337.071034), ('002146', '荣盛发展', 1576757.738115), ('002099', '海翔药业', 1087654.959716), ('002091', '江苏国泰', 1617414.662018), ('002088', '鲁阳节能', 723821.200752), ('002075', '沙钢股份', 1240205.735864), ('002050', '三花智控', 5998301.338414), ('002044', '美年健康', 2260844.192761), ('002024', '苏宁易购', 2689863.372562), ('002019', '亿帆医药', 1331267.427111), ('002007', '华兰生物', 3576823.00885), ('001203', '大中矿业', 288781.86), ('000983', '山西焦煤', 5124796.56), ('000976', '华铁股份', 784553.026224), ('000975', '银泰黄金', 2193811.46432), ('000968', '蓝焰控股', 772067.12268), ('000959', '首钢股份', 2692610.947836), ('000937', '冀中能源', 1979394.492402), ('000933', '神火股份', 3124044.4326), ('000930', '中粮科技', 947557.752924), ('000915', '华特达因', 807778.308), ('000898', '鞍钢股份', 2843114.760436), ('000878', '云南铜业', 1932441.466092), ('000869', '张 裕Ａ', 1311862.0944), ('000833', '粤桂股份', 281673.34139), ('000830', '鲁西化工', 2439156.018838), ('000825', '太钢不锈', 3862007.372748), ('000807', '云铝股份', 3979149.155996), ('000796', '凯撒旅业', 845120.565549), ('000738', '航发控制', 2664745.612074), ('000725', '京东方Ａ', 15718430.885699), ('000708', '中信特钢', 2321883.938756), ('000651', '格力电器', 19155613.952813), ('000636', '风华高科', 1855818.239103), ('000633', '合金投资', 246851.742843), ('000629', '攀钢钒钛', 3384235.940868), ('000558', '莱茵体育', 443215.078888), ('000540', '中天金融', 1687421.897436), ('000532', '华金资本', 378248.270346), ('000507', '珠海港', 465088.148), ('000488', '晨鸣纸业', 1110411.036721), ('000426', '兴业矿业', 1193551.873778), ('000402', '金 融 街', 1694096.058312), ('000401', '冀东水泥', 1638095.222684), ('000158', '常山北明', 1015614.351192), ('000157', '中联重科', 4741359.261793), ('000069', '华侨城Ａ', 4607349.404985), ('000002', '万 科Ａ', 17122328.85293)]
**************"突破平台"**************

2022-03-22 13:34:48,043 **************"均线多头"**************
[('603912', '佳力图', 460025.066529), ('603843', '正平股份', 394587.505668), ('603826', '坤彩科技', 2530476.0), ('603800', '道森股份', 548912.0), ('603636', '南威软件', 1188676.678936), ('603616', '韩建河山', 389376.728), ('603477', '巨星农牧', 1245752.02152), ('603399', '吉翔股份', 1088752.540807), ('603363', '傲农生物', 1572707.811588), ('603316', '诚邦股份', 210882.672), ('603229', '奥翔药业', 1963168.291392), ('603177', '德创环保', 400162.0), ('603056', '德邦股份', 1706880.0), ('603029', '天鹅股份', 162971.64), ('601789', '宁波建工', 848748.165649), ('601699', '潞安环能', 5097361.2768), ('601666', '平煤股份', 3255532.172145), ('601069', '西部黄金', 922836.0), ('601001', '晋控煤业', 2540676.6), ('600996', '贵广网络', 873970.660149), ('600992', '贵绳股份', 372536.8), ('600939', '重庆建工', 919976.484453), ('600818', '中路股份', 510419.71695), ('600769', '祥龙电业', 308231.2584), ('600706', '曲江文旅', 280099.41792), ('600602', '云赛智联', 1090417.53485), ('600575', '淮河能源', 1321328.7621), ('600546', '山煤国际', 2662438.59602), ('600510', '黑牡丹', 1373325.33375), ('600367', '红星发展', 625497.6), ('600358', '国旅联合', 371128.4451), ('600212', '江泉实业', 279386.678298), ('600199', '金种子酒', 1758154.764509), ('600190', '锦州港', 729588.6573), ('600188', '兖矿能源', 10666447.15844), ('600113', '浙江东日', 398265.36288), ('600096', '云天化', 3993205.854493), ('600083', '*ST博信', 246232.79208), ('600055', '万东医疗', 1534295.556563), ('003007', '直真科技', 99829.365042), ('002779', '中坚科技', 338012.13435), ('002761', '浙江建投', 911300.81), ('002758', '浙农股份', 296051.8968), ('002738', '中矿资源', 2950353.910893), ('002735', '王子新材', 368656.67511), ('002656', 'ST摩登', 220633.326368), ('002621', '美吉姆', 449101.157311), ('002537', '海联金汇', 1422830.03004), ('002497', '雅化集团', 3240350.048643), ('002207', '准油股份', 236436.467625), ('002197', '证通电子', 536005.725024), ('002188', '*ST巴士', 167895.630129), ('002176', '江特电机', 3927935.892559), ('002162', '悦心健康', 512919.5435), ('002116', '中国海诚', 402246.663924), ('002104', '恒宝股份', 763963.630971), ('002053', '云南能投', 1011692.756832), ('002037', '保利联合', 425251.23984), ('000983', '山西焦煤', 5124796.56), ('000953', '河化股份', 234182.54166), ('000937', '冀中能源', 1979394.492402), ('000933', '神火股份', 3124044.4326), ('000856', '冀东装备', 267406.0), ('000815', '美利云', 1230615.57195), ('000732', '泰禾集团', 735758.896016), ('000688', '国城矿业', 2033499.99006), ('000524', '岭南控股', 917421.825649), ('000509', '*ST华塑', 349997.106152)]
**************"均线多头"**************

2022-03-22 13:35:20,713 **************"无大幅回撤"**************
[('603538', '美诺华', 893864.245752), ('603056', '德邦股份', 1706880.0), ('600056', '中国医药', 3747991.666782), ('000788', '北大医药', 837362.332125)]
**************"无大幅回撤"**************

2022-03-22 13:35:56,940 **************"停机坪"**************
[('603868', '飞科电器', 2201086.8), ('002731', '萃华珠宝', 344478.1536), ('002603', '以岭药业', 4037181.048396), ('002317', '众生药业', 1264853.84847), ('000798', '中水渔业', 258408.7575)]
**************"停机坪"**************

2022-03-22 13:36:00,853 ('603955', '大千生态', 199236.96) 回撤幅度: 0.22452407614781633
2022-03-22 13:36:14,715 ('600756', '浪潮软件', 477073.364416) 回撤幅度: 0.3105134474327629
2022-03-22 13:36:25,428 ('002951', '金时科技', 496125.0) 回撤幅度: 0.3880341880341881
2022-03-22 13:36:28,854 ('002707', '众信旅游', 541859.586304) 回撤幅度: 0.28449328449328437
2022-03-22 13:36:31,502 ('002530', '金财互联', 599916.81785) 回撤幅度: 0.490840176879343
2022-03-22 13:36:33,898 ('002370', '亚太药业', 316073.318125) 回撤幅度: 0.45776850886339937
2022-03-22 13:36:42,081 ('000779', '甘咨询', 207609.473445) 回撤幅度: 0.2031250000000001
2022-03-22 13:36:43,710 ('000620', '新华联', 680888.086005) 回撤幅度: 0.43150684931506844
2022-03-22 13:36:48,209 **************"回踩年线"**************
[('603955', '大千生态', 199236.96), ('600756', '浪潮软件', 477073.364416), ('002951', '金时科技', 496125.0), ('002707', '众信旅游', 541859.586304), ('002530', '金财互联', 599916.81785), ('002370', '亚太药业', 316073.318125), ('000779', '甘咨询', 207609.473445), ('000620', '新华联', 680888.086005)]
**************"回踩年线"**************

2022-03-22 13:36:50,220 ************************ process   end ***************************************
2022-03-23 08:35:01,212 ************************ process start ***************************************
2022-03-23 08:35:01,662 NumExpr defaulting to 8 threads.
2022-03-23 08:36:16,984 涨停数：92   跌停数：22
涨幅大于5%数：193  跌幅大于5%数：172
年线以上个股数量：    1360
2022-03-23 08:41:12,952 **************"海龟交易法则"**************
[('603938', '三孚股份', 958513.4078), ('603868', '飞科电器', 2195859.6), ('603668', '天马科技', 516394.5523), ('603665', '康隆达', 787347.0773), ('603617', '君禾股份', 293410.045051), ('603527', '众源新材', 313801.488), ('603500', '祥和实业', 246285.422328), ('603477', '巨星农牧', 1196615.63088), ('603389', '亚振家居', 147929.376), ('603363', '傲农生物', 1530042.532893), ('601699', '潞安环能', 5115309.732), ('601607', '上海医药', 4796689.330208), ('601225', '陕西煤业', 14813960.0), ('601199', '江南水务', 686444.354328), ('601113', 'ST华鼎', 415718.46592), ('601101', '昊华能源', 1281598.154496), ('601086', '国芳集团', 315018.0), ('601009', '南京银行', 8974572.988955), ('601002', '晋亿实业', 517353.89202), ('601001', '晋控煤业', 2525613.3), ('600988', '赤峰黄金', 2738660.324), ('600985', '淮北矿业', 3607426.23495), ('600975', '新五丰', 618736.453632), ('600971', '恒源煤电', 924003.76068), ('600898', 'ST美讯', 153787.00638), ('600894', '广日股份', 656999.42778), ('600873', '梅花生物', 2686503.477576), ('600866', '星湖科技', 518791.454532), ('600865', '百大集团', 457884.464572), ('600838', '上海九百', 288234.144339), ('600830', '香溢融通', 349828.51519), ('600828', '茂业商业', 709857.67421), ('600819', '耀皮玻璃', 550845.641379), ('600790', '轻纺城', 549671.598), ('600783', '鲁信创投', 1249034.895332), ('600758', '辽宁能源', 544146.278328), ('600736', '苏州高新', 914126.568158), ('600734', '*ST实达', 683715.994527), ('600716', '凤凰股份', 497048.17329), ('600708', '光明地产', 614176.664796), ('600705', '中航产融', 3634800.649168), ('600665', '天地源', 332687.170585), ('600657', '信达地产', 1357494.21122), ('600622', '光大嘉宝', 554883.59874), ('600589', 'ST榕泰', 190088.98587), ('600576', '祥源文化', 449066.746525), ('600546', '山煤国际', 2654508.77146), ('600545', '卓郎智能', 634963.353325), ('600533', '栖霞建设', 397950.0), ('600420', '国药现代', 1224141.74956), ('600397', '安源煤业', 354405.637756), ('600383', '金地集团', 6501000.34368), ('600327', '大东方', 631732.575852), ('600319', '*ST亚星', 236379.906), ('600302', '标准股份', 196533.568672), ('600301', '*ST南化', 393167.69008), ('600287', '江苏舜天', 221018.813444), ('600284', '浦东建设', 684030.48), ('600266', '城建发展', 1060572.672), ('600207', '安彩高科', 596302.578034), ('600191', '*ST华资', 223553.652), ('600188', '兖矿能源', 10768003.9222), ('600153', '建发股份', 3303008.61745), ('600133', '东湖高新', 486083.947362), ('600127', '金健米业', 657827.79845), ('600094', '大名城', 953897.479078), ('600084', '*ST中葡', 488821.17105), ('600082', '海泰发展', 218845.71714), ('600077', '宋都股份', 967568.319372), ('600048', '保利发展', 20612828.517624), ('002915', '中欣氟材', 515157.96453), ('002865', '钧达股份', 1271102.149461), ('002864', '盘龙药业', 241383.901995), ('002718', '友邦吊顶', 92367.833184), ('002691', '冀凯股份', 193057.612873), ('002627', '三峡旅游', 476673.091285), ('002613', '北玻股份', 402979.70621), ('002591', '恒大高新', 136941.741672), ('002567', '唐人神', 1201661.623155), ('002566', '益盛药业', 260613.098658), ('002537', '海联金汇', 1422830.03004), ('002482', '广田集团', 480200.073144), ('002427', 'ST尤夫', 339572.205105), ('002364', '中恒电气', 542260.67539), ('002349', '精华制药', 1822138.943014), ('002317', '众生药业', 1249167.94956), ('002226', '江南化工', 822384.799474), ('002200', 'ST云投', 148082.689506), ('002193', '如意集团', 189174.766925), ('002178', '延华智能', 511393.506904), ('002124', '天邦股份', 1185644.997363), ('002087', '新野纺织', 304233.213466), ('002060', '粤 水 电', 828119.421909), ('002016', '世荣兆业', 416228.452992), ('000983', '山西焦煤', 5214920.88), ('000965', '天保基建', 528279.50602), ('000950', '重药控股', 1102581.836048), ('000926', '福星股份', 439890.32467), ('000893', '亚钾国际', 2330915.57776), ('000861', '海印股份', 795167.772672), ('000833', '粤桂股份', 280917.171346), ('000810', '创维数字', 1549901.864928), ('000707', '*ST双环', 475747.871625), ('000705', '浙江震元', 298890.40056), ('000691', '亚太实业', 166160.78), ('000639', '西王食品', 615273.26004), ('000584', '哈工智能', 510995.589655), ('000560', '我爱我家', 791984.298688), ('000552', '靖远煤电', 969570.64897), ('000517', '荣安地产', 853967.952072), ('000505', '京粮控股', 589774.5958), ('000504', '南华生物', 688451.813416), ('000029', '深深房Ａ', 745427.76), ('000014', '沙河股份', 195048.915829), ('601113', 'ST华鼎', 415718.46592), ('600898', 'ST美讯', 153787.00638), ('600734', '*ST实达', 683715.994527), ('600589', 'ST榕泰', 190088.98587), ('600319', '*ST亚星', 236379.906), ('600301', '*ST南化', 393167.69008), ('600191', '*ST华资', 223553.652)]
**************"海龟交易法则"**************

2022-03-23 08:41:48,785 **************"放量上涨"**************
[('601588', '北辰实业', 688940.0), ('600716', '凤凰股份', 497048.17329), ('600705', '中航产融', 3634800.649168), ('600684', '珠江股份', 375522.71812), ('600622', '光大嘉宝', 554883.59874), ('600606', '绿地控股', 5519474.828928), ('600405', '动力源', 354649.562168), ('600371', '万向德农', 408731.466), ('600340', '华夏幸福', 1370460.981824), ('600266', '城建发展', 1060572.672), ('600246', '万通发展', 2160817.785704), ('600149', '廊坊发展', 242542.08), ('600113', '浙江东日', 402791.10564), ('600077', '宋都股份', 967568.319372), ('002997', '瑞鹄模具', 218370.6), ('002878', '元隆雅图', 388696.865067), ('002682', '龙洲股份', 296440.824954), ('002660', '茂硕电源', 174527.230822), ('002566', '益盛药业', 260613.098658), ('002482', '广田集团', 480200.073144), ('002454', '松芝股份', 424039.118184), ('002440', '闰土股份', 844661.954197), ('002326', '永太科技', 2405686.141706), ('002305', '南国置业', 419395.0145), ('002285', '世联行', 767503.234866), ('002232', '启明信息', 692489.631225), ('002166', '莱茵生物', 455402.48985), ('002146', '荣盛发展', 1572864.509132), ('002124', '天邦股份', 1185644.997363), ('002081', '金 螳 螂', 1498479.244512), ('002064', '华峰化学', 1770660.869826), ('000965', '天保基建', 528279.50602), ('000961', '中南建设', 1577862.278388), ('000926', '福星股份', 439890.32467), ('000918', '嘉凯城', 553886.7905), ('000897', '津滨发展', 465766.454592), ('000833', '粤桂股份', 280917.171346), ('000828', '东莞控股', 1119558.346434), ('000810', '创维数字', 1549901.864928), ('000736', '中交地产', 546610.879554), ('000712', '锦龙股份', 1385832.7197), ('000705', '浙江震元', 298890.40056), ('000667', '美好置业', 458590.520828), ('000608', '阳光股份', 260931.046932), ('000560', '我爱我家', 791984.298688), ('000517', '荣安地产', 853967.952072), ('000048', '京基智农', 1176241.834), ('000004', '国华网安', 250925.455791)]
**************"放量上涨"**************

2022-03-23 08:41:50,987 股票('605499', '东鹏饮料', 573543.35) 突破日期：2022-02-16
2022-03-23 08:41:51,874 股票('605169', '洪通燃气', 78260.0) 突破日期：2022-02-22
2022-03-23 08:41:52,378 股票('605066', '天正电气', 211826.672) 突破日期：2022-01-11
2022-03-23 08:41:52,501 股票('605028', '世茂能源', 84000.0) 突破日期：2022-03-09
2022-03-23 08:41:52,590 股票('605009', '豪悦护理', 247348.088316) 突破日期：2022-03-07
2022-03-23 08:41:52,795 股票('603993', '洛阳钼业', 9256864.833492) 突破日期：2022-02-10
2022-03-23 08:41:52,905 股票('603987', '康德莱', 900891.948) 突破日期：2021-12-29
2022-03-23 08:41:53,331 股票('603939', '益丰药房', 2972343.832275) 突破日期：2021-12-27
2022-03-23 08:41:53,463 股票('603927', '中科软', 1193770.334848) 突破日期：2021-12-22
2022-03-23 08:41:53,928 股票('603883', '老百姓', 1480330.986092) 突破日期：2021-12-27
2022-03-23 08:41:54,552 股票('603815', '交建股份', 281512.50435) 突破日期：2022-01-10
2022-03-23 08:41:55,406 股票('603708', '家家悦', 798831.204951) 突破日期：2021-12-24
2022-03-23 08:41:56,231 股票('603628', '清源股份', 385236.6) 突破日期：2022-03-09
2022-03-23 08:41:56,250 股票('603626', '科森科技', 500476.20294) 突破日期：2021-12-22
2022-03-23 08:41:56,268 股票('603619', '中曼石油', 629200.1573) 突破日期：2021-12-24
2022-03-23 08:41:56,909 股票('603565', '中谷物流', 741178.13235) 突破日期：2022-01-05
2022-03-23 08:41:57,265 股票('603511', '爱慕股份', 73818.45) 突破日期：2021-12-24
2022-03-23 08:41:57,529 股票('603444', '吉比特', 2509517.13984) 突破日期：2021-12-22
2022-03-23 08:41:57,683 股票('603393', '新天然气', 823344.108818) 突破日期：2022-02-22
2022-03-23 08:41:58,241 股票('603336', '宏辉果蔬', 317165.579991) 突破日期：2022-01-04
2022-03-23 08:41:59,152 股票('603233', '大参林', 2513940.855628) 突破日期：2021-12-27
2022-03-23 08:42:00,427 股票('603109', '神驰机电', 115881.61) 突破日期：2022-01-25
2022-03-23 08:42:00,582 股票('603098', '森特股份', 2513501.89737) 突破日期：2022-02-18
2022-03-23 08:42:01,301 股票('603033', '三维股份', 1524465.188575) 突破日期：2022-02-22
2022-03-23 08:42:01,519 股票('603020', '爱普股份', 360640.0) 突破日期：2022-01-24
2022-03-23 08:42:01,540 股票('603019', '中科曙光', 4622022.511164) 突破日期：2022-01-04
2022-03-23 08:42:02,057 股票('601969', '海南矿业', 1898377.923531) 突破日期：2022-03-03
2022-03-23 08:42:02,598 股票('601872', '招商轮船', 3002751.597944) 突破日期：2022-02-08
2022-03-23 08:42:02,690 股票('601860', '紫金银行', 1052909.810004) 突破日期：2021-12-21
2022-03-23 08:42:02,726 股票('601857', '中国石油', 86628311.63263) 突破日期：2022-01-07
2022-03-23 08:42:02,978 股票('601778', '晶科科技', 1285774.56126) 突破日期：2021-12-23
2022-03-23 08:42:03,029 股票('601728', '中国电信', 2183580.33309) 突破日期：2022-02-09
2022-03-23 08:42:03,093 股票('601717', '郑煤机', 1921231.87842) 突破日期：2021-12-31
2022-03-23 08:42:03,162 股票('601698', '中国卫通', 485903.957216) 突破日期：2021-12-29
2022-03-23 08:42:03,187 股票('601696', '中银证券', 1932191.682179) 突破日期：2022-03-16
2022-03-23 08:42:03,324 股票('601666', '平煤股份', 3232589.732595) 突破日期：2022-01-10
2022-03-23 08:42:03,417 股票('601628', '中国人寿', 53787177.99) 突破日期：2022-02-11
2022-03-23 08:42:03,651 股票('601598', '中国外运', 524435.245628) 突破日期：2021-12-29
2022-03-23 08:42:03,704 股票('601579', '会稽山', 474978.8) 突破日期：2021-12-23
2022-03-23 08:42:04,064 股票('601360', '三六零', 7309706.550531) 突破日期：2021-12-22
2022-03-23 08:42:04,105 股票('601336', '新华保险', 7180167.64762) 突破日期：2022-01-20
2022-03-23 08:42:04,150 股票('601330', '绿色动力', 790434.471456) 突破日期：2021-12-31
2022-03-23 08:42:04,311 股票('601258', '庞大集团', 1513629.31036) 突破日期：2021-12-21
2022-03-23 08:42:04,347 股票('601236', '红塔证券', 2366429.780125) 突破日期：2021-12-28
2022-03-23 08:42:04,469 股票('601225', '陕西煤业', 14813960.0) 突破日期：2022-01-13
2022-03-23 08:42:04,655 股票('601187', '厦门银行', 606003.236125) 突破日期：2022-02-08
2022-03-23 08:42:04,794 股票('601162', '天风证券', 3093675.414648) 突破日期：2021-12-21
2022-03-23 08:42:04,866 股票('601139', '深圳燃气', 2076999.416668) 突破日期：2022-02-24
2022-03-23 08:42:04,967 股票('601118', '海南橡胶', 2084081.337139) 突破日期：2022-03-02
2022-03-23 08:42:05,122 股票('601100', '恒立液压', 7141624.56) 突破日期：2022-01-07
2022-03-23 08:42:05,141 股票('601099', '太平洋', 2003997.01278) 突破日期：2021-12-21
2022-03-23 08:42:05,239 股票('601069', '西部黄金', 927288.0) 突破日期：2022-01-25
2022-03-23 08:42:05,378 股票('601021', '春秋航空', 4424681.978364) 突破日期：2022-01-19
2022-03-23 08:42:05,452 股票('601016', '节能风电', 2141733.187992) 突破日期：2021-12-23
2022-03-23 08:42:05,507 股票('601011', '宝泰隆', 768702.743163) 突破日期：2021-12-29
2022-03-23 08:42:05,627 股票('601005', '重庆钢铁', 1600670.737797) 突破日期：2022-02-08
2022-03-23 08:42:05,689 股票('601001', '晋控煤业', 2525613.3) 突破日期：2022-01-13
2022-03-23 08:42:05,770 股票('600997', '开滦股份', 1271827.680651) 突破日期：2022-02-18
2022-03-23 08:42:05,892 股票('600988', '赤峰黄金', 2738660.324) 突破日期：2022-02-24
2022-03-23 08:42:06,192 股票('600968', '海油发展', 496117.716934) 突破日期：2022-02-08
2022-03-23 08:42:06,232 股票('600966', '博汇纸业', 1256633.63072) 突破日期：2022-03-03
2022-03-23 08:42:06,697 股票('600903', '贵州燃气', 917377.131762) 突破日期：2022-02-24
2022-03-23 08:42:07,033 股票('600881', '亚泰集团', 987669.730752) 突破日期：2022-01-14
2022-03-23 08:42:07,188 股票('600871', '石化油服', 2781722.602955) 突破日期：2022-02-07
2022-03-23 08:42:07,342 股票('600862', '中航高科', 3092569.01754) 突破日期：2021-12-30
2022-03-23 08:42:07,402 股票('600859', '王府井', 2099644.269108) 突破日期：2022-02-10
2022-03-23 08:42:07,536 股票('600850', '电科数字', 1198601.056224) 突破日期：2022-01-17
2022-03-23 08:42:07,700 股票('600837', '海通证券', 9299303.47664) 突破日期：2022-01-20
2022-03-23 08:42:07,928 股票('600823', '世茂股份', 1282899.545262) 突破日期：2021-12-21
2022-03-23 08:42:08,118 股票('600811', '东方集团', 1214666.392548) 突破日期：2021-12-21
2022-03-23 08:42:08,170 股票('600808', '马钢股份', 2399035.976772) 突破日期：2022-01-07
2022-03-23 08:42:08,223 股票('600804', '鹏博士', 1063969.288676) 突破日期：2022-01-04
2022-03-23 08:42:08,572 股票('600782', '新钢股份', 1766552.373584) 突破日期：2022-01-07
2022-03-23 08:42:09,021 股票('600755', '厦门国贸', 1498488.62102) 突破日期：2021-12-21
2022-03-23 08:42:09,078 股票('600751', '海航科技', 815700.929484) 突破日期：2021-12-21
2022-03-23 08:42:09,153 股票('600746', '江苏索普', 559038.315766) 突破日期：2022-01-10
2022-03-23 08:42:09,262 股票('600740', '山西焦化', 1550083.29817) 突破日期：2022-01-21
2022-03-23 08:42:09,414 股票('600731', '湖南海利', 319954.651358) 突破日期：2021-12-27
2022-03-23 08:42:09,754 股票('600711', '盛屯矿业', 2442341.08391) 突破日期：2022-01-12
2022-03-23 08:42:09,838 股票('600705', '中航产融', 3634800.649168) 突破日期：2022-03-01
2022-03-23 08:42:10,090 股票('600688', '上海石化', 2660359.3005) 突破日期：2022-01-18
2022-03-23 08:42:10,278 股票('600674', '川投能源', 4829146.36224) 突破日期：2022-02-09
2022-03-23 08:42:10,357 股票('600667', '太极实业', 1556474.541542) 突破日期：2022-02-15
2022-03-23 08:42:10,434 股票('600663', '陆家嘴', 3179872.20096) 突破日期：2021-12-21
2022-03-23 08:42:10,488 股票('600660', '福耀玻璃', 7112604.464932) 突破日期：2022-01-14
2022-03-23 08:42:10,546 股票('600655', '豫园股份', 3965445.374094) 突破日期：2022-02-08
2022-03-23 08:42:10,585 股票('600653', '申华控股', 383436.922449) 突破日期：2021-12-21
2022-03-23 08:42:10,656 股票('600649', '城投控股', 1092776.673888) 突破日期：2021-12-21
2022-03-23 08:42:11,068 股票('600621', '华鑫股份', 1332489.510752) 突破日期：2022-03-16
2022-03-23 08:42:11,129 股票('600618', '氯碱化工', 886310.851632) 突破日期：2022-02-23
2022-03-23 08:42:11,149 股票('600617', '国新能源', 397765.052352) 突破日期：2021-12-22
2022-03-23 08:42:11,315 股票('600606', '绿地控股', 5519474.828928) 突破日期：2021-12-21
2022-03-23 08:42:11,467 股票('600598', '北大荒', 2680741.302772) 突破日期：2022-01-04
2022-03-23 08:42:11,722 股票('600582', '天地科技', 1883057.94586) 突破日期：2021-12-31
2022-03-23 08:42:12,292 股票('600546', '山煤国际', 2654508.77146) 突破日期：2022-01-17
2022-03-23 08:42:12,425 股票('600537', '亿晶光电', 508187.203776) 突破日期：2022-03-10
2022-03-23 08:42:12,445 股票('600536', '中国软件', 1978745.690782) 突破日期：2022-01-17
2022-03-23 08:42:12,869 股票('600509', '天富能源', 611401.374027) 突破日期：2022-01-04
2022-03-23 08:42:13,072 股票('600498', '烽火通信', 1686001.61045) 突破日期：2022-02-21
2022-03-23 08:42:13,205 股票('600489', '中金黄金', 3446502.3559) 突破日期：2022-02-17
2022-03-23 08:42:13,436 股票('600470', '六国化工', 344256.0) 突破日期：2022-01-12
2022-03-23 08:42:13,564 股票('600461', '洪城环境', 672691.250001) 突破日期：2022-01-04
2022-03-23 08:42:13,584 股票('600460', '士兰微', 7486623.569484) 突破日期：2022-02-23
2022-03-23 08:42:13,816 股票('600435', '北方导航', 1367195.76) 突破日期：2022-02-24
2022-03-23 08:42:14,089 股票('600409', '三友化工', 1698959.595704) 突破日期：2022-02-28
2022-03-23 08:42:14,343 股票('600390', '五矿资本', 2303009.515008) 突破日期：2022-02-08
2022-03-23 08:42:15,003 股票('600348', '华阳股份', 2842710.0) 突破日期：2021-12-23
2022-03-23 08:42:15,185 股票('600333', '长春燃气', 306951.464736) 突破日期：2022-02-24
2022-03-23 08:42:15,221 股票('600331', '宏达股份', 640080.0) 突破日期：2022-02-18
2022-03-23 08:42:15,275 股票('600328', '中盐化工', 878590.2434) 突破日期：2022-02-10
2022-03-23 08:42:15,347 股票('600323', '瀚蓝环境', 1483931.80572) 突破日期：2022-01-05
2022-03-23 08:42:15,584 股票('600308', '华泰股份', 658504.640316) 突破日期：2022-01-04
2022-03-23 08:42:15,604 股票('600307', '酒钢宏兴', 1346621.84616) 突破日期：2022-01-07
2022-03-23 08:42:15,641 股票('600305', '恒顺醋业', 1079180.690432) 突破日期：2021-12-27
2022-03-23 08:42:15,741 股票('600299', '安迪苏', 2681901.273) 突破日期：2022-03-03
2022-03-23 08:42:16,387 股票('600256', '广汇能源', 5278867.131756) 突破日期：2022-01-04
2022-03-23 08:42:16,515 股票('600246', '万通发展', 2160817.785704) 突破日期：2022-03-22
2022-03-23 08:42:16,537 股票('600243', '青海华鼎', 186950.1) 突破日期：2022-02-24
2022-03-23 08:42:16,756 股票('600230', '沧州大化', 665159.55573) 突破日期：2022-01-06
2022-03-23 08:42:16,889 股票('600222', '太龙药业', 394259.876421) 突破日期：2021-12-27
2022-03-23 08:42:17,002 股票('600216', '浙江医药', 1460443.4469) 突破日期：2022-01-14
2022-03-23 08:42:17,069 股票('600211', '西藏药业', 1005635.891208) 突破日期：2021-12-24
2022-03-23 08:42:17,088 股票('600210', '紫江企业', 941893.154118) 突破日期：2021-12-23
2022-03-23 08:42:17,208 股票('600201', '生物股份', 1311952.363646) 突破日期：2021-12-24
2022-03-23 08:42:17,295 股票('600196', '复星医药', 10901403.561945) 突破日期：2022-03-14
2022-03-23 08:42:17,398 股票('600189', '泉阳泉', 463978.952775) 突破日期：2022-01-06
2022-03-23 08:42:17,654 股票('600172', '黄河旋风', 1099351.612828) 突破日期：2021-12-24
2022-03-23 08:42:17,756 股票('600166', '福田汽车', 1716125.124267) 突破日期：2022-01-06
2022-03-23 08:42:17,841 股票('600160', '巨化股份', 3639257.717188) 突破日期：2022-01-26
2022-03-23 08:42:17,941 股票('600155', '华创阳安', 1656057.928896) 突破日期：2022-03-18
2022-03-23 08:42:18,092 股票('600143', '金发科技', 2578769.587686) 突破日期：2022-01-17
2022-03-23 08:42:18,343 股票('600127', '金健米业', 657827.79845) 突破日期：2022-02-24
2022-03-23 08:42:18,434 股票('600121', '郑州煤电', 550722.241176) 突破日期：2022-01-04
2022-03-23 08:42:18,909 股票('600094', '大名城', 953897.479078) 突破日期：2021-12-21
2022-03-23 08:42:18,976 股票('600089', '特变电工', 7645294.483202) 突破日期：2022-03-10
2022-03-23 08:42:19,674 股票('600036', '招商银行', 93923583.985237) 突破日期：2022-01-20
2022-03-23 08:42:19,745 股票('600031', '三一重工', 15048865.640076) 突破日期：2022-01-06
2022-03-23 08:42:19,781 股票('600029', '南方航空', 6765551.243674) 突破日期：2021-12-27
2022-03-23 08:42:19,867 股票('600025', '华能水电', 10440000.0) 突破日期：2022-03-09
2022-03-23 08:42:19,909 股票('600022', '山东钢铁', 1893753.083568) 突破日期：2022-02-08
2022-03-23 08:42:20,177 股票('600004', '白云机场', 2683908.706658) 突破日期：2021-12-27
2022-03-23 08:42:20,650 股票('003016', '欣贺股份', 134966.2869) 突破日期：2022-03-07
2022-03-23 08:42:21,307 股票('002977', '天箭科技', 196062.1875) 突破日期：2022-01-04
2022-03-23 08:42:22,273 股票('002913', '奥士康', 816282.47968) 突破日期：2021-12-24
2022-03-23 08:42:23,000 股票('002867', '周大生', 1490120.648384) 突破日期：2022-02-07
2022-03-23 08:42:23,588 股票('002831', '裕同科技', 1320482.36538) 突破日期：2021-12-22
2022-03-23 08:42:23,717 股票('002824', '和胜股份', 468417.95946) 突破日期：2021-12-23
2022-03-23 08:42:24,549 股票('002773', '康弘药业', 1079221.794728) 突破日期：2021-12-27
2022-03-23 08:42:24,696 股票('002765', '蓝黛科技', 323867.086452) 突破日期：2022-01-17
2022-03-23 08:42:24,982 股票('002747', '埃斯顿', 1519957.39561) 突破日期：2022-01-13
2022-03-23 08:42:25,071 股票('002741', '光华科技', 607584.070731) 突破日期：2022-03-04
2022-03-23 08:42:25,533 股票('002714', '牧原股份', 20226985.184214) 突破日期：2022-01-04
2022-03-23 08:42:25,704 股票('002701', '奥瑞金', 1329139.286959) 突破日期：2021-12-31
2022-03-23 08:42:25,794 股票('002697', '红旗连锁', 517276.992) 突破日期：2021-12-24
2022-03-23 08:42:26,126 股票('002679', '福建金森', 281964.176) 突破日期：2022-02-25
2022-03-23 08:42:26,284 股票('002670', '国盛金控', 1521079.450358) 突破日期：2022-03-16
2022-03-23 08:42:26,896 股票('002636', '金安国纪', 802649.01642) 突破日期：2021-12-27
2022-03-23 08:42:27,073 股票('002627', '三峡旅游', 476673.091285) 突破日期：2022-01-06
2022-03-23 08:42:27,099 股票('002626', '金达威', 1934237.866926) 突破日期：2022-03-03
2022-03-23 08:42:27,302 股票('002614', '奥佳华', 436878.164775) 突破日期：2021-12-28
2022-03-23 08:42:27,586 股票('002596', '海南瑞泽', 364488.6938) 突破日期：2021-12-21
2022-03-23 08:42:27,872 股票('002580', '圣阳股份', 248438.97792) 突破日期：2022-03-02
2022-03-23 08:42:28,582 股票('002539', '云图控股', 833088.974358) 突破日期：2022-01-11
2022-03-23 08:42:28,712 股票('002531', '天顺风能', 2529679.31359) 突破日期：2022-01-28
2022-03-23 08:42:28,780 股票('002527', '新时达', 362101.046784) 突破日期：2021-12-28
2022-03-23 08:42:29,044 股票('002511', '中顺洁柔', 1608238.23625) 突破日期：2022-01-07
2022-03-23 08:42:29,561 股票('002481', '双塔食品', 896088.914) 突破日期：2022-01-05
2022-03-23 08:42:29,973 股票('002458', '益生股份', 582424.124163) 突破日期：2021-12-31
2022-03-23 08:42:30,166 股票('002446', '盛路通信', 494241.761316) 突破日期：2022-01-24
2022-03-23 08:42:30,731 股票('002414', '高德红外', 3349490.719302) 突破日期：2022-01-18
2022-03-23 08:42:30,785 股票('002411', '延安必康', 1530751.475241) 突破日期：2021-12-29
2022-03-23 08:42:30,861 股票('002407', '多氟多', 2948164.04904) 突破日期：2022-03-11
2022-03-23 08:42:31,166 股票('002390', '信邦制药', 876441.903077) 突破日期：2021-12-22
2022-03-23 08:42:31,377 股票('002378', '章源钨业', 710938.7604) 突破日期：2022-02-11
2022-03-23 08:42:31,564 股票('002368', '太极股份', 1257377.182589) 突破日期：2022-01-17
2022-03-23 08:42:31,705 股票('002360', '同德化工', 250766.91392) 突破日期：2021-12-21
2022-03-23 08:42:31,931 股票('002346', '柘中股份', 559589.320326) 突破日期：2021-12-30
2022-03-23 08:42:32,922 股票('002287', '奇正藏药', 1330878.857572) 突破日期：2021-12-24
2022-03-23 08:42:32,940 股票('002286', '保龄宝', 436460.50335) 突破日期：2022-01-06
2022-03-23 08:42:32,996 股票('002283', '天润工业', 787300.355366) 突破日期：2022-02-23
2022-03-23 08:42:33,040 股票('002281', '光迅科技', 1215327.413286) 突破日期：2022-01-17
2022-03-23 08:42:33,282 股票('002267', '陕天然气', 690598.851345) 突破日期：2022-02-24
2022-03-23 08:42:33,364 股票('002262', '恩华药业', 1092764.268225) 突破日期：2021-12-22
2022-03-23 08:42:33,384 股票('002261', '拓维信息', 674233.821992) 突破日期：2021-12-27
2022-03-23 08:42:33,499 股票('002254', '泰和新材', 699781.54824) 突破日期：2022-01-13
2022-03-23 08:42:33,571 股票('002250', '联化科技', 1232556.876945) 突破日期：2022-01-17
2022-03-23 08:42:33,704 股票('002242', '九阳股份', 1289345.338) 突破日期：2021-12-28
2022-03-23 08:42:33,798 股票('002237', '恒邦股份', 965020.4225) 突破日期：2022-02-17
2022-03-23 08:42:34,226 股票('002212', '天融信', 1361675.711946) 突破日期：2021-12-30
2022-03-23 08:42:35,139 股票('002157', '正邦科技', 1506676.57416) 突破日期：2022-01-04
2022-03-23 08:42:35,190 股票('002154', '报 喜 鸟', 435642.420699) 突破日期：2021-12-28
2022-03-23 08:42:35,244 股票('002151', '北斗星通', 1412813.25801) 突破日期：2022-02-24
2022-03-23 08:42:35,331 股票('002146', '荣盛发展', 1572864.509132) 突破日期：2021-12-21
2022-03-23 08:42:36,164 股票('002099', '海翔药业', 1089263.916757) 突破日期：2021-12-22
2022-03-23 08:42:36,310 股票('002091', '江苏国泰', 1620440.695062) 突破日期：2021-12-22
2022-03-23 08:42:36,357 股票('002088', '鲁阳节能', 724719.241944) 突破日期：2021-12-27
2022-03-23 08:42:36,588 股票('002075', '沙钢股份', 1237998.964092) 突破日期：2022-01-06
2022-03-23 08:42:36,982 股票('002050', '三花智控', 6026628.617462) 突破日期：2021-12-28
2022-03-23 08:42:37,091 股票('002044', '美年健康', 2264682.63791) 突破日期：2021-12-30
2022-03-23 08:42:37,446 股票('002024', '苏宁易购', 2705411.715756) 突破日期：2022-01-04
2022-03-23 08:42:37,534 股票('002019', '亿帆医药', 1323601.779738) 突破日期：2021-12-23
2022-03-23 08:42:37,741 股票('002007', '华兰生物', 3557956.250122) 突破日期：2022-01-14
2022-03-23 08:42:38,297 股票('001203', '大中矿业', 288343.98) 突破日期：2022-02-08
2022-03-23 08:42:38,546 股票('000983', '山西焦煤', 5214920.88) 突破日期：2022-01-13
2022-03-23 08:42:38,648 股票('000976', '华铁股份', 782958.406252) 突破日期：2021-12-24
2022-03-23 08:42:38,673 股票('000975', '银泰黄金', 2228089.76845) 突破日期：2022-02-15
2022-03-23 08:42:38,780 股票('000968', '蓝焰控股', 774002.128) 突破日期：2022-02-24
2022-03-23 08:42:38,927 股票('000959', '首钢股份', 2692610.947836) 突破日期：2022-03-01
2022-03-23 08:42:39,117 股票('000937', '冀中能源', 2005553.89098) 突破日期：2022-02-10
2022-03-23 08:42:39,174 股票('000933', '神火股份', 3108424.210437) 突破日期：2022-01-07
2022-03-23 08:42:39,235 股票('000930', '中粮科技', 943682.261092) 突破日期：2022-01-04
2022-03-23 08:42:39,466 股票('000915', '华特达因', 808012.44664) 突破日期：2021-12-27
2022-03-23 08:42:39,738 股票('000898', '鞍钢股份', 2827231.437752) 突破日期：2022-01-07
2022-03-23 08:42:40,020 股票('000878', '云南铜业', 1925643.079228) 突破日期：2022-03-03
2022-03-23 08:42:40,106 股票('000869', '张 裕Ａ', 1300525.5744) 突破日期：2022-01-04
2022-03-23 08:42:40,430 股票('000833', '粤桂股份', 280917.171346) 突破日期：2022-01-04
2022-03-23 08:42:40,469 股票('000830', '鲁西化工', 2468437.603698) 突破日期：2022-02-08
2022-03-23 08:42:40,553 股票('000825', '太钢不锈', 3873399.72488) 突破日期：2022-01-07
2022-03-23 08:42:40,813 股票('000807', '云铝股份', 3945379.856228) 突破日期：2022-01-10
2022-03-23 08:42:40,968 股票('000796', '凯撒旅业', 826661.14199) 突破日期：2022-01-04
2022-03-23 08:42:41,509 股票('000738', '航发控制', 2657871.80568) 突破日期：2021-12-30
2022-03-23 08:42:41,703 股票('000725', '京东方Ａ', 15718430.885699) 突破日期：2021-12-30
2022-03-23 08:42:41,969 股票('000708', '中信特钢', 2315588.158011) 突破日期：2021-12-31
2022-03-23 08:42:42,736 股票('000651', '格力电器', 19049944.001495) 突破日期：2021-12-27
2022-03-23 08:42:42,827 股票('000636', '风华高科', 1840599.276216) 突破日期：2021-12-27
2022-03-23 08:42:42,870 股票('000633', '合金投资', 248392.159335) 突破日期：2022-02-24
2022-03-23 08:42:42,957 股票('000629', '攀钢钒钛', 3358467.646902) 突破日期：2021-12-31
2022-03-23 08:42:43,894 股票('000558', '莱茵体育', 443215.078888) 突破日期：2021-12-28
2022-03-23 08:42:44,177 股票('000540', '中天金融', 1673476.26192) 突破日期：2021-12-21
2022-03-23 08:42:44,304 股票('000532', '华金资本', 386149.914504) 突破日期：2022-02-23
2022-03-23 08:42:44,653 股票('000507', '珠海港', 465918.66255) 突破日期：2022-03-03
2022-03-23 08:42:44,816 股票('000488', '晨鸣纸业', 1112075.820884) 突破日期：2022-03-03
2022-03-23 08:42:44,892 股票('000426', '兴业矿业', 1187650.50481) 突破日期：2022-01-13
2022-03-23 08:42:45,211 股票('000402', '金 融 街', 1688120.41084) 突破日期：2021-12-21
2022-03-23 08:42:45,235 股票('000401', '冀东水泥', 1633855.114256) 突破日期：2022-02-07
2022-03-23 08:42:45,355 股票('000158', '常山北明', 1017191.39211) 突破日期：2022-01-17
2022-03-23 08:42:45,373 股票('000157', '中联重科', 4755491.480159) 突破日期：2022-01-06
2022-03-23 08:42:45,621 股票('000069', '华侨城Ａ', 4572071.07876) 突破日期：2021-12-21
2022-03-23 08:42:46,526 股票('000002', '万 科Ａ', 17083458.63987) 突破日期：2022-01-04
2022-03-23 08:42:48,191 **************"突破平台"**************
[('605499', '东鹏饮料', 573543.35), ('605169', '洪通燃气', 78260.0), ('605066', '天正电气', 211826.672), ('605028', '世茂能源', 84000.0), ('605009', '豪悦护理', 247348.088316), ('603993', '洛阳钼业', 9256864.833492), ('603987', '康德莱', 900891.948), ('603939', '益丰药房', 2972343.832275), ('603927', '中科软', 1193770.334848), ('603883', '老百姓', 1480330.986092), ('603815', '交建股份', 281512.50435), ('603708', '家家悦', 798831.204951), ('603628', '清源股份', 385236.6), ('603626', '科森科技', 500476.20294), ('603619', '中曼石油', 629200.1573), ('603565', '中谷物流', 741178.13235), ('603511', '爱慕股份', 73818.45), ('603444', '吉比特', 2509517.13984), ('603393', '新天然气', 823344.108818), ('603336', '宏辉果蔬', 317165.579991), ('603233', '大参林', 2513940.855628), ('603109', '神驰机电', 115881.61), ('603098', '森特股份', 2513501.89737), ('603033', '三维股份', 1524465.188575), ('603020', '爱普股份', 360640.0), ('603019', '中科曙光', 4622022.511164), ('601969', '海南矿业', 1898377.923531), ('601872', '招商轮船', 3002751.597944), ('601860', '紫金银行', 1052909.810004), ('601857', '中国石油', 86628311.63263), ('601778', '晶科科技', 1285774.56126), ('601728', '中国电信', 2183580.33309), ('601717', '郑煤机', 1921231.87842), ('601698', '中国卫通', 485903.957216), ('601696', '中银证券', 1932191.682179), ('601666', '平煤股份', 3232589.732595), ('601628', '中国人寿', 53787177.99), ('601598', '中国外运', 524435.245628), ('601579', '会稽山', 474978.8), ('601360', '三六零', 7309706.550531), ('601336', '新华保险', 7180167.64762), ('601330', '绿色动力', 790434.471456), ('601258', '庞大集团', 1513629.31036), ('601236', '红塔证券', 2366429.780125), ('601225', '陕西煤业', 14813960.0), ('601187', '厦门银行', 606003.236125), ('601162', '天风证券', 3093675.414648), ('601139', '深圳燃气', 2076999.416668), ('601118', '海南橡胶', 2084081.337139), ('601100', '恒立液压', 7141624.56), ('601099', '太平洋', 2003997.01278), ('601069', '西部黄金', 927288.0), ('601021', '春秋航空', 4424681.978364), ('601016', '节能风电', 2141733.187992), ('601011', '宝泰隆', 768702.743163), ('601005', '重庆钢铁', 1600670.737797), ('601001', '晋控煤业', 2525613.3), ('600997', '开滦股份', 1271827.680651), ('600988', '赤峰黄金', 2738660.324), ('600968', '海油发展', 496117.716934), ('600966', '博汇纸业', 1256633.63072), ('600903', '贵州燃气', 917377.131762), ('600881', '亚泰集团', 987669.730752), ('600871', '石化油服', 2781722.602955), ('600862', '中航高科', 3092569.01754), ('600859', '王府井', 2099644.269108), ('600850', '电科数字', 1198601.056224), ('600837', '海通证券', 9299303.47664), ('600823', '世茂股份', 1282899.545262), ('600811', '东方集团', 1214666.392548), ('600808', '马钢股份', 2399035.976772), ('600804', '鹏博士', 1063969.288676), ('600782', '新钢股份', 1766552.373584), ('600755', '厦门国贸', 1498488.62102), ('600751', '海航科技', 815700.929484), ('600746', '江苏索普', 559038.315766), ('600740', '山西焦化', 1550083.29817), ('600731', '湖南海利', 319954.651358), ('600711', '盛屯矿业', 2442341.08391), ('600705', '中航产融', 3634800.649168), ('600688', '上海石化', 2660359.3005), ('600674', '川投能源', 4829146.36224), ('600667', '太极实业', 1556474.541542), ('600663', '陆家嘴', 3179872.20096), ('600660', '福耀玻璃', 7112604.464932), ('600655', '豫园股份', 3965445.374094), ('600653', '申华控股', 383436.922449), ('600649', '城投控股', 1092776.673888), ('600621', '华鑫股份', 1332489.510752), ('600618', '氯碱化工', 886310.851632), ('600617', '国新能源', 397765.052352), ('600606', '绿地控股', 5519474.828928), ('600598', '北大荒', 2680741.302772), ('600582', '天地科技', 1883057.94586), ('600546', '山煤国际', 2654508.77146), ('600537', '亿晶光电', 508187.203776), ('600536', '中国软件', 1978745.690782), ('600509', '天富能源', 611401.374027), ('600498', '烽火通信', 1686001.61045), ('600489', '中金黄金', 3446502.3559), ('600470', '六国化工', 344256.0), ('600461', '洪城环境', 672691.250001), ('600460', '士兰微', 7486623.569484), ('600435', '北方导航', 1367195.76), ('600409', '三友化工', 1698959.595704), ('600390', '五矿资本', 2303009.515008), ('600348', '华阳股份', 2842710.0), ('600333', '长春燃气', 306951.464736), ('600331', '宏达股份', 640080.0), ('600328', '中盐化工', 878590.2434), ('600323', '瀚蓝环境', 1483931.80572), ('600308', '华泰股份', 658504.640316), ('600307', '酒钢宏兴', 1346621.84616), ('600305', '恒顺醋业', 1079180.690432), ('600299', '安迪苏', 2681901.273), ('600256', '广汇能源', 5278867.131756), ('600246', '万通发展', 2160817.785704), ('600243', '青海华鼎', 186950.1), ('600230', '沧州大化', 665159.55573), ('600222', '太龙药业', 394259.876421), ('600216', '浙江医药', 1460443.4469), ('600211', '西藏药业', 1005635.891208), ('600210', '紫江企业', 941893.154118), ('600201', '生物股份', 1311952.363646), ('600196', '复星医药', 10901403.561945), ('600189', '泉阳泉', 463978.952775), ('600172', '黄河旋风', 1099351.612828), ('600166', '福田汽车', 1716125.124267), ('600160', '巨化股份', 3639257.717188), ('600155', '华创阳安', 1656057.928896), ('600143', '金发科技', 2578769.587686), ('600127', '金健米业', 657827.79845), ('600121', '郑州煤电', 550722.241176), ('600094', '大名城', 953897.479078), ('600089', '特变电工', 7645294.483202), ('600036', '招商银行', 93923583.985237), ('600031', '三一重工', 15048865.640076), ('600029', '南方航空', 6765551.243674), ('600025', '华能水电', 10440000.0), ('600022', '山东钢铁', 1893753.083568), ('600004', '白云机场', 2683908.706658), ('003016', '欣贺股份', 134966.2869), ('002977', '天箭科技', 196062.1875), ('002913', '奥士康', 816282.47968), ('002867', '周大生', 1490120.648384), ('002831', '裕同科技', 1320482.36538), ('002824', '和胜股份', 468417.95946), ('002773', '康弘药业', 1079221.794728), ('002765', '蓝黛科技', 323867.086452), ('002747', '埃斯顿', 1519957.39561), ('002741', '光华科技', 607584.070731), ('002714', '牧原股份', 20226985.184214), ('002701', '奥瑞金', 1329139.286959), ('002697', '红旗连锁', 517276.992), ('002679', '福建金森', 281964.176), ('002670', '国盛金控', 1521079.450358), ('002636', '金安国纪', 802649.01642), ('002627', '三峡旅游', 476673.091285), ('002626', '金达威', 1934237.866926), ('002614', '奥佳华', 436878.164775), ('002596', '海南瑞泽', 364488.6938), ('002580', '圣阳股份', 248438.97792), ('002539', '云图控股', 833088.974358), ('002531', '天顺风能', 2529679.31359), ('002527', '新时达', 362101.046784), ('002511', '中顺洁柔', 1608238.23625), ('002481', '双塔食品', 896088.914), ('002458', '益生股份', 582424.124163), ('002446', '盛路通信', 494241.761316), ('002414', '高德红外', 3349490.719302), ('002411', '延安必康', 1530751.475241), ('002407', '多氟多', 2948164.04904), ('002390', '信邦制药', 876441.903077), ('002378', '章源钨业', 710938.7604), ('002368', '太极股份', 1257377.182589), ('002360', '同德化工', 250766.91392), ('002346', '柘中股份', 559589.320326), ('002287', '奇正藏药', 1330878.857572), ('002286', '保龄宝', 436460.50335), ('002283', '天润工业', 787300.355366), ('002281', '光迅科技', 1215327.413286), ('002267', '陕天然气', 690598.851345), ('002262', '恩华药业', 1092764.268225), ('002261', '拓维信息', 674233.821992), ('002254', '泰和新材', 699781.54824), ('002250', '联化科技', 1232556.876945), ('002242', '九阳股份', 1289345.338), ('002237', '恒邦股份', 965020.4225), ('002212', '天融信', 1361675.711946), ('002157', '正邦科技', 1506676.57416), ('002154', '报 喜 鸟', 435642.420699), ('002151', '北斗星通', 1412813.25801), ('002146', '荣盛发展', 1572864.509132), ('002099', '海翔药业', 1089263.916757), ('002091', '江苏国泰', 1620440.695062), ('002088', '鲁阳节能', 724719.241944), ('002075', '沙钢股份', 1237998.964092), ('002050', '三花智控', 6026628.617462), ('002044', '美年健康', 2264682.63791), ('002024', '苏宁易购', 2705411.715756), ('002019', '亿帆医药', 1323601.779738), ('002007', '华兰生物', 3557956.250122), ('001203', '大中矿业', 288343.98), ('000983', '山西焦煤', 5214920.88), ('000976', '华铁股份', 782958.406252), ('000975', '银泰黄金', 2228089.76845), ('000968', '蓝焰控股', 774002.128), ('000959', '首钢股份', 2692610.947836), ('000937', '冀中能源', 2005553.89098), ('000933', '神火股份', 3108424.210437), ('000930', '中粮科技', 943682.261092), ('000915', '华特达因', 808012.44664), ('000898', '鞍钢股份', 2827231.437752), ('000878', '云南铜业', 1925643.079228), ('000869', '张 裕Ａ', 1300525.5744), ('000833', '粤桂股份', 280917.171346), ('000830', '鲁西化工', 2468437.603698), ('000825', '太钢不锈', 3873399.72488), ('000807', '云铝股份', 3945379.856228), ('000796', '凯撒旅业', 826661.14199), ('000738', '航发控制', 2657871.80568), ('000725', '京东方Ａ', 15718430.885699), ('000708', '中信特钢', 2315588.158011), ('000651', '格力电器', 19049944.001495), ('000636', '风华高科', 1840599.276216), ('000633', '合金投资', 248392.159335), ('000629', '攀钢钒钛', 3358467.646902), ('000558', '莱茵体育', 443215.078888), ('000540', '中天金融', 1673476.26192), ('000532', '华金资本', 386149.914504), ('000507', '珠海港', 465918.66255), ('000488', '晨鸣纸业', 1112075.820884), ('000426', '兴业矿业', 1187650.50481), ('000402', '金 融 街', 1688120.41084), ('000401', '冀东水泥', 1633855.114256), ('000158', '常山北明', 1017191.39211), ('000157', '中联重科', 4755491.480159), ('000069', '华侨城Ａ', 4572071.07876), ('000002', '万 科Ａ', 17083458.63987)]
**************"突破平台"**************

2022-03-23 08:43:23,894 **************"均线多头"**************
[('603912', '佳力图', 457205.488092), ('603843', '正平股份', 385492.403587), ('603826', '坤彩科技', 2525328.0), ('603800', '道森股份', 547040.0), ('603636', '南威软件', 1087060.18352), ('603616', '韩建河山', 380986.632), ('603477', '巨星农牧', 1196615.63088), ('603399', '吉翔股份', 1088752.540807), ('603363', '傲农生物', 1530042.532893), ('603316', '诚邦股份', 203747.544), ('603229', '奥翔药业', 2005136.933184), ('603177', '德创环保', 401172.0), ('603056', '德邦股份', 1680960.0), ('603029', '天鹅股份', 172118.96), ('601789', '宁波建工', 848748.165649), ('601699', '潞安环能', 5115309.732), ('601666', '平煤股份', 3232589.732595), ('601069', '西部黄金', 927288.0), ('601001', '晋控煤业', 2525613.3), ('600996', '贵广网络', 866608.693096), ('600992', '贵绳股份', 375232.79), ('600939', '重庆建工', 910903.738058), ('600818', '中路股份', 507326.26412), ('600769', '祥龙电业', 299606.7828), ('600706', '曲江文旅', 273481.21521), ('600575', '淮河能源', 1325215.023165), ('600546', '山煤国际', 2654508.77146), ('600510', '黑牡丹', 1369256.22165), ('600367', '红星发展', 620547.2), ('600358', '国旅联合', 367088.95182), ('600212', '江泉实业', 276828.192233), ('600199', '金种子酒', 1716308.37653), ('600190', '锦州港', 779414.22414), ('600188', '兖矿能源', 10768003.9222), ('600113', '浙江东日', 402791.10564), ('600096', '云天化', 3967487.482738), ('600083', '*ST博信', 246232.79208), ('600055', '万东医疗', 1536458.821359), ('003007', '直真科技', 96730.449054), ('002779', '中坚科技', 334577.533125), ('002761', '浙江建投', 901080.614), ('002758', '浙农股份', 301707.6972), ('002738', '中矿资源', 2950954.369611), ('002735', '王子新材', 374602.750515), ('002656', 'ST摩登', 221845.597392), ('002621', '美吉姆', 463459.631257), ('002537', '海联金汇', 1422830.03004), ('002497', '雅化集团', 3221589.578757), ('002207', '准油股份', 254383.79025), ('002197', '证通电子', 534700.516278), ('002188', '*ST巴士', 167895.630129), ('002176', '江特电机', 3948402.775195), ('002162', '悦心健康', 514626.4305), ('002116', '中国海诚', 400997.450682), ('002104', '恒宝股份', 752789.41312), ('002053', '云南能投', 985451.27804), ('002037', '保利联合', 411829.14528), ('000983', '山西焦煤', 5214920.88), ('000953', '河化股份', 233542.69865), ('000937', '冀中能源', 2005553.89098), ('000933', '神火股份', 3108424.210437), ('000856', '冀东装备', 259007.0), ('000815', '美利云', 1233396.62409), ('000732', '泰禾集团', 728301.880178), ('000688', '国城矿业', 2024401.5561), ('000524', '岭南控股', 869841.877058), ('000509', '*ST华塑', 353298.965644)]
**************"均线多头"**************

2022-03-23 08:43:58,783 **************"无大幅回撤"**************
[('603538', '美诺华', 848991.542652), ('603056', '德邦股份', 1680960.0), ('600056', '中国医药', 3738378.693), ('000788', '北大医药', 826038.57105)]
**************"无大幅回撤"**************

2022-03-23 08:44:40,055 **************"停机坪"**************
[('603868', '飞科电器', 2195859.6), ('002731', '萃华珠宝', 350458.6771), ('002603', '以岭药业', 3958749.105738), ('002317', '众生药业', 1249167.94956), ('000798', '中水渔业', 257131.0875)]
**************"停机坪"**************

2022-03-23 08:44:44,127 ('603955', '大千生态', 198015.48) 回撤幅度: 0.22452407614781633
2022-03-23 08:44:58,895 ('600756', '浪潮软件', 486472.228253) 回撤幅度: 0.3105134474327629
2022-03-23 08:45:10,834 ('002951', '金时科技', 495720.0) 回撤幅度: 0.3880341880341881
2022-03-23 08:45:14,574 ('002707', '众信旅游', 542595.808568) 回撤幅度: 0.28449328449328437
2022-03-23 08:45:17,498 ('002530', '金财互联', 609645.19868) 回撤幅度: 0.490840176879343
2022-03-23 08:45:20,157 ('002370', '亚太药业', 314050.448889) 回撤幅度: 0.45776850886339937
2022-03-23 08:45:29,082 ('000779', '甘咨询', 208145.00949) 回撤幅度: 0.2031250000000001
2022-03-23 08:45:30,999 ('000620', '新华联', 656231.97147) 回撤幅度: 0.43150684931506844
2022-03-23 08:45:35,779 **************"回踩年线"**************
[('603955', '大千生态', 198015.48), ('600756', '浪潮软件', 486472.228253), ('002951', '金时科技', 495720.0), ('002707', '众信旅游', 542595.808568), ('002530', '金财互联', 609645.19868), ('002370', '亚太药业', 314050.448889), ('000779', '甘咨询', 208145.00949), ('000620', '新华联', 656231.97147)]
**************"回踩年线"**************

2022-03-23 08:45:37,780 ************************ process   end ***************************************
